#
# There is insufficient memory for the Java Runtime Environment to continue.
# Native memory allocation (malloc) failed to allocate 655296 bytes for Chunk::new
# Possible reasons:
#   The system is out of physical RAM or swap space
#   The process is running with CompressedOops enabled, and the Java Heap may be blocking the growth of the native heap
# Possible solutions:
#   Reduce memory load on the system
#   Increase physical memory or swap space
#   Check if swap backing store is full
#   Decrease Java heap size (-Xmx/-Xms)
#   Decrease number of Java threads
#   Decrease Java thread stack sizes (-Xss)
#   Set larger code cache with -XX:ReservedCodeCacheSize=
#   JVM is running with Unscaled Compressed Oops mode in which the Java heap is
#     placed in the first 4GB address space. The Java Heap base address is the
#     maximum limit for the native heap growth. Please use -XX:HeapBaseMinAddress
#     to set the Java Heap base and to place the Java Heap above 4GB virtual address.
# This output file may be truncated or incomplete.
#
#  Out of Memory Error (allocation.cpp:389), pid=18844, tid=0x0000000000003a98
#
# JRE version: OpenJDK Runtime Environment (8.0_242-b01) (build 1.8.0_242-release-1644-b01)
# Java VM: OpenJDK 64-Bit Server VM (25.242-b01 mixed mode windows-amd64 compressed oops)
# Failed to write core dump. Minidumps are not enabled by default on client versions of Windows
#

---------------  T H R E A D  ---------------

Current thread (0x00000000151e5000):  JavaThread "C2 CompilerThread0" daemon [_thread_in_native, id=15000, stack(0x0000000016830000,0x0000000016930000)]

Stack: [0x0000000016830000,0x0000000016930000]
[error occurred during error reporting (printing stack bounds), id 0xc0000005]

Native frames: (J=compiled Java code, j=interpreted, Vv=VM code, C=native code)


Current CompileTask:
C2:   9966 2663       4       org.objectweb.asm.Frame::execute (2318 bytes)


---------------  P R O C E S S  ---------------

Java Threads: ( => current thread )
  0x000000001933e800 JavaThread "Cache worker for file content cache (C:\Users\luqma\.gradle\caches\6.5\fileContent)" [_thread_blocked, id=3956, stack(0x0000000020940000,0x0000000020a40000)]
  0x0000000019338800 JavaThread "Cache worker for execution history cache (C:\Users\luqma\.gradle\caches\6.5\executionHistory)" [_thread_blocked, id=16084, stack(0x0000000020440000,0x0000000020540000)]
  0x000000001933d000 JavaThread "Cache worker for cache directory md-rule (C:\Users\luqma\.gradle\caches\6.5\md-rule)" [_thread_blocked, id=4052, stack(0x0000000020140000,0x0000000020240000)]
  0x000000001933c800 JavaThread "Cache worker for cache directory md-supplier (C:\Users\luqma\.gradle\caches\6.5\md-supplier)" [_thread_blocked, id=7664, stack(0x0000000020040000,0x0000000020140000)]
  0x000000001933a000 JavaThread "Cache worker for checksums cache (D:\SIS\Backup\Realestate\.gradle\checksums)" [_thread_blocked, id=1820, stack(0x000000001ff40000,0x0000000020040000)]
  0x000000001933b800 JavaThread "jar transforms Thread 20" [_thread_blocked, id=12564, stack(0x000000001fc40000,0x000000001fd40000)]
  0x0000000019331000 JavaThread "jar transforms Thread 19" [_thread_blocked, id=8356, stack(0x000000001fa40000,0x000000001fb40000)]
  0x0000000019338000 JavaThread "jar transforms Thread 18" [_thread_blocked, id=20364, stack(0x000000001f940000,0x000000001fa40000)]
  0x0000000019330800 JavaThread "jar transforms Thread 17" [_thread_blocked, id=928, stack(0x000000001f840000,0x000000001f940000)]
  0x0000000019337000 JavaThread "jar transforms Thread 16" [_thread_blocked, id=20240, stack(0x000000001f740000,0x000000001f840000)]
  0x0000000019335800 JavaThread "jar transforms Thread 15" [_thread_blocked, id=8848, stack(0x000000001f640000,0x000000001f740000)]
  0x000000001932f800 JavaThread "jar transforms Thread 14" [_thread_blocked, id=12260, stack(0x000000001f540000,0x000000001f640000)]
  0x0000000019332000 JavaThread "jar transforms Thread 13" [_thread_blocked, id=8392, stack(0x000000001f440000,0x000000001f540000)]
  0x0000000019334000 JavaThread "jar transforms Thread 12" [_thread_blocked, id=12768, stack(0x000000001f340000,0x000000001f440000)]
  0x0000000019332800 JavaThread "jar transforms Thread 11" [_thread_blocked, id=9844, stack(0x000000001f240000,0x000000001f340000)]
  0x0000000019335000 JavaThread "jar transforms Thread 10" [_thread_blocked, id=11412, stack(0x000000001f140000,0x000000001f240000)]
  0x0000000019336800 JavaThread "jar transforms Thread 9" [_thread_blocked, id=18080, stack(0x000000001f040000,0x000000001f140000)]
  0x0000000019333800 JavaThread "jar transforms Thread 8" [_thread_blocked, id=19256, stack(0x000000001ef40000,0x000000001f040000)]
  0x0000000018ebd000 JavaThread "jar transforms Thread 7" [_thread_blocked, id=13604, stack(0x000000001ee40000,0x000000001ef40000)]
  0x0000000018ec0800 JavaThread "jar transforms Thread 6" [_thread_blocked, id=9372, stack(0x000000001ed40000,0x000000001ee40000)]
  0x0000000018ec0000 JavaThread "jar transforms Thread 5" [_thread_blocked, id=6160, stack(0x000000001ec40000,0x000000001ed40000)]
  0x0000000018ebf000 JavaThread "jar transforms Thread 4" [_thread_blocked, id=19176, stack(0x000000001eb40000,0x000000001ec40000)]
  0x0000000018ebc000 JavaThread "jar transforms Thread 3" [_thread_blocked, id=19576, stack(0x000000001ea40000,0x000000001eb40000)]
  0x0000000018ebb800 JavaThread "jar transforms Thread 2" [_thread_blocked, id=16732, stack(0x000000001d8a0000,0x000000001d9a0000)]
  0x0000000018eba800 JavaThread "jar transforms" [_thread_blocked, id=19868, stack(0x000000001d7a0000,0x000000001d8a0000)]
  0x0000000018ebe800 JavaThread "Cache worker for file hash cache (D:\SIS\Backup\Realestate\.gradle\6.5\fileHashes)" [_thread_blocked, id=5360, stack(0x000000001b2b0000,0x000000001b3b0000)]
  0x0000000018ec1800 JavaThread "Cache worker for file hash cache (C:\Users\luqma\.gradle\caches\6.5\fileHashes)" [_thread_blocked, id=2204, stack(0x000000001b1b0000,0x000000001b2b0000)]
  0x0000000018ebd800 JavaThread "File lock request listener" [_thread_in_native, id=17392, stack(0x000000001b0b0000,0x000000001b1b0000)]
  0x0000000018ce4800 JavaThread "Cache worker for journal cache (C:\Users\luqma\.gradle\caches\journal-1)" [_thread_blocked, id=15584, stack(0x000000001aa70000,0x000000001ab70000)]
  0x0000000018e61000 JavaThread "Thread-9" [_thread_blocked, id=16936, stack(0x000000001adb0000,0x000000001aeb0000)]
  0x0000000018e62800 JavaThread "Stdin handler" [_thread_blocked, id=5592, stack(0x000000001acb0000,0x000000001adb0000)]
  0x0000000018cd6000 JavaThread "Asynchronous log dispatcher for DefaultDaemonConnection: socket connection from /127.0.0.1:51870 to /127.0.0.1:51871" [_thread_blocked, id=17500, stack(0x000000001abb0000,0x000000001acb0000)]
  0x0000000018e35000 JavaThread "Daemon worker" [_thread_in_vm, id=20404, stack(0x000000001a850000,0x000000001a950000)]
  0x0000000018e68000 JavaThread "Cancel handler" [_thread_blocked, id=20052, stack(0x000000001a970000,0x000000001aa70000)]
  0x0000000018d65000 JavaThread "Handler for socket connection from /127.0.0.1:51870 to /127.0.0.1:51871" [_thread_in_native, id=9360, stack(0x000000001a750000,0x000000001a850000)]
  0x0000000018d64800 JavaThread "Daemon" [_thread_blocked, id=13648, stack(0x000000001a450000,0x000000001a550000)]
  0x0000000018c4a800 JavaThread "Daemon periodic checks" [_thread_blocked, id=19704, stack(0x000000001a350000,0x000000001a450000)]
  0x0000000018c07800 JavaThread "Incoming local TCP Connector on port 51870" [_thread_in_native, id=2516, stack(0x000000001a110000,0x000000001a210000)]
  0x0000000017144800 JavaThread "Daemon health stats" [_thread_blocked, id=11108, stack(0x0000000019ad0000,0x0000000019bd0000)]
  0x0000000016b60800 JavaThread "Service Thread" daemon [_thread_blocked, id=5464, stack(0x0000000016f30000,0x0000000017030000)]
  0x00000000151fb000 JavaThread "C1 CompilerThread2" daemon [_thread_blocked, id=13464, stack(0x0000000016a30000,0x0000000016b30000)]
  0x00000000151f4000 JavaThread "C2 CompilerThread1" daemon [_thread_in_native, id=11940, stack(0x0000000016930000,0x0000000016a30000)]
=>0x00000000151e5000 JavaThread "C2 CompilerThread0" daemon [_thread_in_native, id=15000, stack(0x0000000016830000,0x0000000016930000)]
  0x00000000151e4000 JavaThread "Attach Listener" daemon [_thread_blocked, id=19676, stack(0x0000000016730000,0x0000000016830000)]
  0x00000000151e0800 JavaThread "Signal Dispatcher" daemon [_thread_blocked, id=19712, stack(0x0000000016630000,0x0000000016730000)]
  0x0000000002b0b000 JavaThread "Finalizer" daemon [_thread_blocked, id=14932, stack(0x0000000016430000,0x0000000016530000)]
  0x00000000151c9000 JavaThread "Reference Handler" daemon [_thread_blocked, id=924, stack(0x0000000016330000,0x0000000016430000)]
  0x00000000028be000 JavaThread "main" [_thread_blocked, id=19632, stack(0x0000000002910000,0x0000000002a10000)]

Other Threads:
  0x00000000151a6000 VMThread [stack: 0x0000000016230000,0x0000000016330000] [id=19224]
  0x000000001523c800 WatcherThread [stack: 0x0000000017030000,0x0000000017130000] [id=19948]

VM state:not at safepoint (normal execution)

VM Mutex/Monitor currently owned by a thread: None

heap address: 0x00000000c0000000, size: 1024 MB, Compressed Oops mode: 32-bit
Narrow klass base: 0x0000000000000000, Narrow klass shift: 3
Compressed class space size: 1073741824 Address: 0x0000000100000000

Heap:
 PSYoungGen      total 76800K, used 41158K [0x00000000eab00000, 0x00000000f2580000, 0x0000000100000000)
  eden space 65536K, 51% used [0x00000000eab00000,0x00000000ecc098e0,0x00000000eeb00000)
  from space 11264K, 65% used [0x00000000eeb00000,0x00000000ef228180,0x00000000ef600000)
  to   space 10752K, 0% used [0x00000000f1b00000,0x00000000f1b00000,0x00000000f2580000)
 ParOldGen       total 59904K, used 9402K [0x00000000c0000000, 0x00000000c3a80000, 0x00000000eab00000)
  object space 59904K, 15% used [0x00000000c0000000,0x00000000c092eac8,0x00000000c3a80000)
 Metaspace       used 31362K, capacity 32436K, committed 32768K, reserved 1077248K
  class space    used 4226K, capacity 4481K, committed 4608K, reserved 1048576K

Card table byte_map: [0x0000000011ed0000,0x00000000120e0000] byte_map_base: 0x00000000118d0000

Marking Bits: (ParMarkBitMap*) 0x000000006820f030
 Begin Bits: [0x0000000012640000, 0x0000000013640000)
 End Bits:   [0x0000000013640000, 0x0000000014640000)

Polling page: 0x00000000011c0000

CodeCache: size=245760Kb used=9275Kb max_used=9275Kb free=236484Kb
 bounds [0x0000000002b10000, 0x0000000003430000, 0x0000000011b10000]
 total_blobs=3155 nmethods=2475 adapters=593
 compilation: enabled

Compilation events (10 events):
Event: 9.907 Thread 0x00000000151fb000 nmethod 2670 0x0000000003424110 code [0x0000000003424280, 0x0000000003424510]
Event: 9.908 Thread 0x00000000151fb000 2671       1       com.google.common.collect.AbstractMapBasedMultimap::access$000 (5 bytes)
Event: 9.908 Thread 0x00000000151fb000 nmethod 2671 0x000000000341fcd0 code [0x000000000341fe20, 0x000000000341ff10]
Event: 9.910 Thread 0x00000000151fb000 2672       3       java.lang.ThreadLocal$ThreadLocalMap::access$100 (7 bytes)
Event: 9.910 Thread 0x00000000151fb000 nmethod 2672 0x0000000003423d50 code [0x0000000003423ec0, 0x0000000003424028]
Event: 9.910 Thread 0x00000000151fb000 2673       3       java.lang.ThreadLocal$ThreadLocalMap::set (136 bytes)
Event: 9.912 Thread 0x00000000151fb000 nmethod 2673 0x000000000341c7d0 code [0x000000000341c9e0, 0x000000000341d4a8]
Event: 9.912 Thread 0x00000000151fb000 2674       3       org.gradle.internal.Cast::uncheckedCast (2 bytes)
Event: 9.912 Thread 0x00000000151fb000 nmethod 2674 0x0000000003418d50 code [0x0000000003418ea0, 0x0000000003418fd0]
Event: 9.917 Thread 0x00000000151f4000 2675   !   4       java.util.zip.ZipFile::getInputStream (304 bytes)

GC Heap History (10 events):
Event: 5.215 GC heap before
{Heap before GC invocations=4 (full 0):
 PSYoungGen      total 38400K, used 38105K [0x00000000eab00000, 0x00000000ed580000, 0x0000000100000000)
  eden space 33280K, 99% used [0x00000000eab00000,0x00000000ecb3a708,0x00000000ecb80000)
  from space 5120K, 99% used [0x00000000ecb80000,0x00000000ed07c010,0x00000000ed080000)
  to   space 5120K, 0% used [0x00000000ed080000,0x00000000ed080000,0x00000000ed580000)
 ParOldGen       total 87552K, used 1106K [0x00000000c0000000, 0x00000000c5580000, 0x00000000eab00000)
  object space 87552K, 1% used [0x00000000c0000000,0x00000000c0114948,0x00000000c5580000)
 Metaspace       used 14724K, capacity 15218K, committed 15488K, reserved 1062912K
  class space    used 2009K, capacity 2165K, committed 2176K, reserved 1048576K
Event: 5.227 GC heap after
Heap after GC invocations=4 (full 0):
 PSYoungGen      total 38400K, used 5119K [0x00000000eab00000, 0x00000000ef600000, 0x0000000100000000)
  eden space 33280K, 0% used [0x00000000eab00000,0x00000000eab00000,0x00000000ecb80000)
  from space 5120K, 99% used [0x00000000ed080000,0x00000000ed57fc50,0x00000000ed580000)
  to   space 5120K, 0% used [0x00000000ecb80000,0x00000000ecb80000,0x00000000ed080000)
 ParOldGen       total 87552K, used 3489K [0x00000000c0000000, 0x00000000c5580000, 0x00000000eab00000)
  object space 87552K, 3% used [0x00000000c0000000,0x00000000c03684a8,0x00000000c5580000)
 Metaspace       used 14724K, capacity 15218K, committed 15488K, reserved 1062912K
  class space    used 2009K, capacity 2165K, committed 2176K, reserved 1048576K
}
Event: 6.260 GC heap before
{Heap before GC invocations=5 (full 0):
 PSYoungGen      total 38400K, used 38399K [0x00000000eab00000, 0x00000000ef600000, 0x0000000100000000)
  eden space 33280K, 100% used [0x00000000eab00000,0x00000000ecb80000,0x00000000ecb80000)
  from space 5120K, 99% used [0x00000000ed080000,0x00000000ed57fc50,0x00000000ed580000)
  to   space 5120K, 0% used [0x00000000ecb80000,0x00000000ecb80000,0x00000000ed080000)
 ParOldGen       total 87552K, used 3489K [0x00000000c0000000, 0x00000000c5580000, 0x00000000eab00000)
  object space 87552K, 3% used [0x00000000c0000000,0x00000000c03684a8,0x00000000c5580000)
 Metaspace       used 17679K, capacity 18362K, committed 18560K, reserved 1064960K
  class space    used 2419K, capacity 2639K, committed 2688K, reserved 1048576K
Event: 6.293 GC heap after
Heap after GC invocations=5 (full 0):
 PSYoungGen      total 38400K, used 5088K [0x00000000eab00000, 0x00000000f0000000, 0x0000000100000000)
  eden space 33280K, 0% used [0x00000000eab00000,0x00000000eab00000,0x00000000ecb80000)
  from space 5120K, 99% used [0x00000000ecb80000,0x00000000ed078020,0x00000000ed080000)
  to   space 10240K, 0% used [0x00000000ef600000,0x00000000ef600000,0x00000000f0000000)
 ParOldGen       total 87552K, used 6615K [0x00000000c0000000, 0x00000000c5580000, 0x00000000eab00000)
  object space 87552K, 7% used [0x00000000c0000000,0x00000000c0675f20,0x00000000c5580000)
 Metaspace       used 17679K, capacity 18362K, committed 18560K, reserved 1064960K
  class space    used 2419K, capacity 2639K, committed 2688K, reserved 1048576K
}
Event: 7.110 GC heap before
{Heap before GC invocations=6 (full 0):
 PSYoungGen      total 38400K, used 37732K [0x00000000eab00000, 0x00000000f0000000, 0x0000000100000000)
  eden space 33280K, 98% used [0x00000000eab00000,0x00000000ecae1088,0x00000000ecb80000)
  from space 5120K, 99% used [0x00000000ecb80000,0x00000000ed078020,0x00000000ed080000)
  to   space 10240K, 0% used [0x00000000ef600000,0x00000000ef600000,0x00000000f0000000)
 ParOldGen       total 87552K, used 6615K [0x00000000c0000000, 0x00000000c5580000, 0x00000000eab00000)
  object space 87552K, 7% used [0x00000000c0000000,0x00000000c0675f20,0x00000000c5580000)
 Metaspace       used 20547K, capacity 21218K, committed 21296K, reserved 1067008K
  class space    used 2862K, capacity 3039K, committed 3072K, reserved 1048576K
Event: 7.124 GC heap after
Heap after GC invocations=6 (full 0):
 PSYoungGen      total 75776K, used 8799K [0x00000000eab00000, 0x00000000f0200000, 0x0000000100000000)
  eden space 65536K, 0% used [0x00000000eab00000,0x00000000eab00000,0x00000000eeb00000)
  from space 10240K, 85% used [0x00000000ef600000,0x00000000efe97d00,0x00000000f0000000)
  to   space 11264K, 0% used [0x00000000eeb00000,0x00000000eeb00000,0x00000000ef600000)
 ParOldGen       total 87552K, used 6623K [0x00000000c0000000, 0x00000000c5580000, 0x00000000eab00000)
  object space 87552K, 7% used [0x00000000c0000000,0x00000000c0677f20,0x00000000c5580000)
 Metaspace       used 20547K, capacity 21218K, committed 21296K, reserved 1067008K
  class space    used 2862K, capacity 3039K, committed 3072K, reserved 1048576K
}
Event: 7.124 GC heap before
{Heap before GC invocations=7 (full 1):
 PSYoungGen      total 75776K, used 8799K [0x00000000eab00000, 0x00000000f0200000, 0x0000000100000000)
  eden space 65536K, 0% used [0x00000000eab00000,0x00000000eab00000,0x00000000eeb00000)
  from space 10240K, 85% used [0x00000000ef600000,0x00000000efe97d00,0x00000000f0000000)
  to   space 11264K, 0% used [0x00000000eeb00000,0x00000000eeb00000,0x00000000ef600000)
 ParOldGen       total 87552K, used 6623K [0x00000000c0000000, 0x00000000c5580000, 0x00000000eab00000)
  object space 87552K, 7% used [0x00000000c0000000,0x00000000c0677f20,0x00000000c5580000)
 Metaspace       used 20547K, capacity 21218K, committed 21296K, reserved 1067008K
  class space    used 2862K, capacity 3039K, committed 3072K, reserved 1048576K
Event: 7.199 GC heap after
Heap after GC invocations=7 (full 1):
 PSYoungGen      total 75776K, used 0K [0x00000000eab00000, 0x00000000f0200000, 0x0000000100000000)
  eden space 65536K, 0% used [0x00000000eab00000,0x00000000eab00000,0x00000000eeb00000)
  from space 10240K, 0% used [0x00000000ef600000,0x00000000ef600000,0x00000000f0000000)
  to   space 11264K, 0% used [0x00000000eeb00000,0x00000000eeb00000,0x00000000ef600000)
 ParOldGen       total 59904K, used 9394K [0x00000000c0000000, 0x00000000c3a80000, 0x00000000eab00000)
  object space 59904K, 15% used [0x00000000c0000000,0x00000000c092cac8,0x00000000c3a80000)
 Metaspace       used 20547K, capacity 21218K, committed 21296K, reserved 1067008K
  class space    used 2862K, capacity 3039K, committed 3072K, reserved 1048576K
}
Event: 9.023 GC heap before
{Heap before GC invocations=8 (full 1):
 PSYoungGen      total 75776K, used 65536K [0x00000000eab00000, 0x00000000f0200000, 0x0000000100000000)
  eden space 65536K, 100% used [0x00000000eab00000,0x00000000eeb00000,0x00000000eeb00000)
  from space 10240K, 0% used [0x00000000ef600000,0x00000000ef600000,0x00000000f0000000)
  to   space 11264K, 0% used [0x00000000eeb00000,0x00000000eeb00000,0x00000000ef600000)
 ParOldGen       total 59904K, used 9394K [0x00000000c0000000, 0x00000000c3a80000, 0x00000000eab00000)
  object space 59904K, 15% used [0x00000000c0000000,0x00000000c092cac8,0x00000000c3a80000)
 Metaspace       used 25691K, capacity 26712K, committed 26752K, reserved 1073152K
  class space    used 3679K, capacity 3951K, committed 3968K, reserved 1048576K
Event: 9.044 GC heap after
Heap after GC invocations=8 (full 1):
 PSYoungGen      total 76800K, used 7328K [0x00000000eab00000, 0x00000000f2580000, 0x0000000100000000)
  eden space 65536K, 0% used [0x00000000eab00000,0x00000000eab00000,0x00000000eeb00000)
  from space 11264K, 65% used [0x00000000eeb00000,0x00000000ef228180,0x00000000ef600000)
  to   space 10752K, 0% used [0x00000000f1b00000,0x00000000f1b00000,0x00000000f2580000)
 ParOldGen       total 59904K, used 9402K [0x00000000c0000000, 0x00000000c3a80000, 0x00000000eab00000)
  object space 59904K, 15% used [0x00000000c0000000,0x00000000c092eac8,0x00000000c3a80000)
 Metaspace       used 25691K, capacity 26712K, committed 26752K, reserved 1073152K
  class space    used 3679K, capacity 3951K, committed 3968K, reserved 1048576K
}

Deoptimization events (10 events):
Event: 7.598 Thread 0x0000000018e35000 Uncommon trap: reason=unstable_if action=reinterpret pc=0x0000000003167abc method=jdk.internal.org.objectweb.asm.Type.getArgumentsAndReturnSizes(Ljava/lang/String;)I @ 88
Event: 7.742 Thread 0x0000000018e35000 Uncommon trap: reason=unstable_if action=reinterpret pc=0x000000000302f190 method=java.io.WinNTFileSystem.isLetter(C)Z @ 15
Event: 7.743 Thread 0x0000000018e35000 Uncommon trap: reason=unstable_if action=reinterpret pc=0x0000000002e18d4c method=java.io.WinNTFileSystem.resolve(Ljava/lang/String;Ljava/lang/String;)Ljava/lang/String; @ 49
Event: 8.770 Thread 0x0000000018e35000 Uncommon trap: reason=unstable_if action=reinterpret pc=0x0000000002dae9cc method=java.lang.ClassLoader.getClassLoadingLock(Ljava/lang/String;)Ljava/lang/Object; @ 6
Event: 8.862 Thread 0x0000000018e35000 Uncommon trap: reason=class_check action=maybe_recompile pc=0x0000000002f93838 method=java.io.BufferedInputStream.read([BII)I @ 101
Event: 8.865 Thread 0x0000000018e35000 Uncommon trap: reason=class_check action=maybe_recompile pc=0x0000000002f9ab30 method=java.io.BufferedInputStream.read([BII)I @ 101
Event: 8.872 Thread 0x0000000018e35000 Uncommon trap: reason=bimorphic action=maybe_recompile pc=0x000000000318473c method=java.io.BufferedInputStream.read([BII)I @ 101
Event: 8.894 Thread 0x0000000018e35000 Uncommon trap: reason=bimorphic action=maybe_recompile pc=0x000000000318473c method=java.io.BufferedInputStream.read([BII)I @ 101
Event: 8.894 Thread 0x0000000018e35000 Uncommon trap: reason=bimorphic action=maybe_recompile pc=0x000000000318473c method=java.io.BufferedInputStream.read([BII)I @ 101
Event: 9.045 Thread 0x00000000151c9000 Uncommon trap: reason=unstable_if action=reinterpret pc=0x000000000306ccbc method=java.lang.ref.Reference.tryHandlePending(Z)Z @ 104

Classes redefined (0 events):
No events

Internal exceptions (10 events):
Event: 9.461 Thread 0x0000000018e35000 Exception <a 'java/lang/ClassNotFoundException': org/gradle/internal/extensibility/DefaultExtraPropertiesExtensionBeanInfo> (0x00000000eb92a998) thrown at [C:\src\AOSP-openjdk-git\hotspot\src\share\vm\classfile\systemDictionary.cpp, line 210]
Event: 9.462 Thread 0x0000000018e35000 Exception <a 'java/lang/ClassNotFoundException': org/gradle/internal/extensibility/DefaultExtraPropertiesExtensionCustomizer> (0x00000000eb9497a8) thrown at [C:\src\AOSP-openjdk-git\hotspot\src\share\vm\classfile\systemDictionary.cpp, line 210]
Event: 9.501 Thread 0x0000000018e35000 Exception <a 'java/lang/ClassNotFoundException': groovy/lang/Closure$1BeanInfo> (0x00000000ebab6840) thrown at [C:\src\AOSP-openjdk-git\hotspot\src\share\vm\classfile\systemDictionary.cpp, line 210]
Event: 9.502 Thread 0x0000000018e35000 Exception <a 'java/lang/ClassNotFoundException': groovy/lang/ClosureBeanInfo> (0x00000000ebad5390) thrown at [C:\src\AOSP-openjdk-git\hotspot\src\share\vm\classfile\systemDictionary.cpp, line 210]
Event: 9.505 Thread 0x0000000018e35000 Exception <a 'java/lang/ClassNotFoundException': groovy/lang/ClosureCustomizer> (0x00000000ebaf4a08) thrown at [C:\src\AOSP-openjdk-git\hotspot\src\share\vm\classfile\systemDictionary.cpp, line 210]
Event: 9.509 Thread 0x0000000018e35000 Exception <a 'java/lang/ClassNotFoundException': groovy/lang/Closure$1Customizer> (0x00000000ebb3bce0) thrown at [C:\src\AOSP-openjdk-git\hotspot\src\share\vm\classfile\systemDictionary.cpp, line 210]
Event: 9.681 Thread 0x0000000018e35000 Exception <a 'java/lang/ClassNotFoundException': org/gradle/internal/metaobject/ConfigureDelegateBeanInfo> (0x00000000ec1ff6d0) thrown at [C:\src\AOSP-openjdk-git\hotspot\src\share\vm\classfile\systemDictionary.cpp, line 210]
Event: 9.682 Thread 0x0000000018e35000 Exception <a 'java/lang/ClassNotFoundException': org/gradle/internal/metaobject/ConfigureDelegateCustomizer> (0x00000000ec22d198) thrown at [C:\src\AOSP-openjdk-git\hotspot\src\share\vm\classfile\systemDictionary.cpp, line 210]
Event: 9.698 Thread 0x0000000018e35000 Exception <a 'java/lang/ClassNotFoundException': org/gradle/api/internal/initialization/DefaultScriptHandlerBeanInfo> (0x00000000ec2b06a8) thrown at [C:\src\AOSP-openjdk-git\hotspot\src\share\vm\classfile\systemDictionary.cpp, line 210]
Event: 9.699 Thread 0x0000000018e35000 Exception <a 'java/lang/ClassNotFoundException': org/gradle/api/internal/initialization/DefaultScriptHandlerCustomizer> (0x00000000ec2e6630) thrown at [C:\src\AOSP-openjdk-git\hotspot\src\share\vm\classfile\systemDictionary.cpp, line 210]

Events (10 events):
Event: 9.911 loading class org/gradle/api/internal/artifacts/dsl/dependencies/DefaultDependencyHandler$DirectDependencyAdder
Event: 9.911 loading class org/gradle/api/internal/artifacts/dsl/dependencies/DefaultDependencyHandler$DirectDependencyAdder done
Event: 9.914 loading class groovy/lang/ExpandoMetaClassCreationHandle
Event: 9.914 loading class groovy/lang/ExpandoMetaClassCreationHandle done
Event: 9.917 loading class org/codehaus/groovy/runtime/ScriptBytecodeAdapter
Event: 9.917 loading class org/codehaus/groovy/runtime/ScriptBytecodeAdapter done
Event: 9.917 loading class org/codehaus/groovy/runtime/ScriptBytecodeAdapter
Event: 9.917 loading class org/codehaus/groovy/runtime/ScriptBytecodeAdapter done
Event: 9.930 loading class org/codehaus/groovy/runtime/wrappers/GroovyObjectWrapper
Event: 9.930 loading class org/codehaus/groovy/runtime/wrappers/GroovyObjectWrapper done


Dynamic libraries:
0x00007ff7ad0b0000 - 0x00007ff7ad0e1000 	C:\Program Files\Android\Android Studio\jre\bin\java.exe
0x00007fff44f80000 - 0x00007fff45170000 	C:\WINDOWS\SYSTEM32\ntdll.dll
0x00007fff43830000 - 0x00007fff438e2000 	C:\WINDOWS\System32\KERNEL32.DLL
0x00007fff42850000 - 0x00007fff42af5000 	C:\WINDOWS\System32\KERNELBASE.dll
0x00007fff43160000 - 0x00007fff43203000 	C:\WINDOWS\System32\ADVAPI32.dll
0x00007fff43700000 - 0x00007fff4379e000 	C:\WINDOWS\System32\msvcrt.dll
0x00007fff430c0000 - 0x00007fff43157000 	C:\WINDOWS\System32\sechost.dll
0x00007fff43290000 - 0x00007fff433b0000 	C:\WINDOWS\System32\RPCRT4.dll
0x00007fff433b0000 - 0x00007fff43544000 	C:\WINDOWS\System32\USER32.dll
0x00007fff41ef0000 - 0x00007fff41f11000 	C:\WINDOWS\System32\win32u.dll
0x00007fff43090000 - 0x00007fff430b6000 	C:\WINDOWS\System32\GDI32.dll
0x00007fff426b0000 - 0x00007fff42846000 	C:\WINDOWS\System32\gdi32full.dll
0x00007fff42b00000 - 0x00007fff42b9e000 	C:\WINDOWS\System32\msvcp_win.dll
0x00007fff42e80000 - 0x00007fff42f7a000 	C:\WINDOWS\System32\ucrtbase.dll
0x00007fff2ea80000 - 0x00007fff2ed04000 	C:\WINDOWS\WinSxS\amd64_microsoft.windows.common-controls_6595b64144ccf1df_6.0.18362.1256_none_9e7e379be45e40e2\COMCTL32.dll
0x00007fff44340000 - 0x00007fff44676000 	C:\WINDOWS\System32\combase.dll
0x00007fff42df0000 - 0x00007fff42e71000 	C:\WINDOWS\System32\bcryptPrimitives.dll
0x00007fff44140000 - 0x00007fff4416e000 	C:\WINDOWS\System32\IMM32.DLL
0x0000000067880000 - 0x0000000067952000 	C:\Program Files\Android\Android Studio\jre\jre\bin\msvcr100.dll
0x0000000067a40000 - 0x000000006828b000 	C:\Program Files\Android\Android Studio\jre\jre\bin\server\jvm.dll
0x00007fff44170000 - 0x00007fff44178000 	C:\WINDOWS\System32\PSAPI.DLL
0x00007fff37940000 - 0x00007fff37949000 	C:\WINDOWS\SYSTEM32\WSOCK32.dll
0x00007fff44c20000 - 0x00007fff44c8f000 	C:\WINDOWS\System32\WS2_32.dll
0x00007fff3fd90000 - 0x00007fff3fdb4000 	C:\WINDOWS\SYSTEM32\WINMM.dll
0x00007fff3cbb0000 - 0x00007fff3cbba000 	C:\WINDOWS\SYSTEM32\VERSION.dll
0x00007fff3f9f0000 - 0x00007fff3fa1d000 	C:\WINDOWS\SYSTEM32\WINMMBASE.dll
0x00007fff42bd0000 - 0x00007fff42c1a000 	C:\WINDOWS\System32\cfgmgr32.dll
0x00007fff30f80000 - 0x00007fff30f8f000 	C:\Program Files\Android\Android Studio\jre\jre\bin\verify.dll
0x00007fff22d10000 - 0x00007fff22d39000 	C:\Program Files\Android\Android Studio\jre\jre\bin\java.dll
0x00007fff202d0000 - 0x00007fff202e6000 	C:\Program Files\Android\Android Studio\jre\jre\bin\zip.dll
0x00007fff438f0000 - 0x00007fff43fd7000 	C:\WINDOWS\System32\SHELL32.dll
0x00007fff44c90000 - 0x00007fff44d39000 	C:\WINDOWS\System32\shcore.dll
0x00007fff41f20000 - 0x00007fff426a1000 	C:\WINDOWS\System32\windows.storage.dll
0x00007fff41ea0000 - 0x00007fff41ec3000 	C:\WINDOWS\System32\profapi.dll
0x00007fff41e50000 - 0x00007fff41e9a000 	C:\WINDOWS\System32\powrprof.dll
0x00007fff41e20000 - 0x00007fff41e30000 	C:\WINDOWS\System32\UMPDC.dll
0x00007fff43560000 - 0x00007fff435b2000 	C:\WINDOWS\System32\shlwapi.dll
0x00007fff41ed0000 - 0x00007fff41ee1000 	C:\WINDOWS\System32\kernel.appcore.dll
0x00007fff42d70000 - 0x00007fff42d87000 	C:\WINDOWS\System32\cryptsp.dll
0x00007fff201f0000 - 0x00007fff2020a000 	C:\Program Files\Android\Android Studio\jre\jre\bin\net.dll
0x00007fff41610000 - 0x00007fff41677000 	C:\WINDOWS\system32\mswsock.dll
0x00007fff201d0000 - 0x00007fff201e3000 	C:\Program Files\Android\Android Studio\jre\jre\bin\nio.dll
0x00007fff22080000 - 0x00007fff220a7000 	C:\Users\luqma\.gradle\native\f6784746aeab05261644944871eae4fe03e0ef1612fff0a4a95f87b438bc6780\windows-amd64\native-platform.dll
0x00007fff2f2b0000 - 0x00007fff2f2bd000 	C:\Program Files\Android\Android Studio\jre\jre\bin\management.dll
0x00007fff41180000 - 0x00007fff411b3000 	C:\WINDOWS\system32\rsaenh.dll
0x00007fff42ba0000 - 0x00007fff42bc6000 	C:\WINDOWS\System32\bcrypt.dll
0x00007fff41d00000 - 0x00007fff41d25000 	C:\WINDOWS\SYSTEM32\USERENV.dll
0x00007fff417e0000 - 0x00007fff417ec000 	C:\WINDOWS\SYSTEM32\CRYPTBASE.dll
0x00007fff41320000 - 0x00007fff4135a000 	C:\WINDOWS\SYSTEM32\IPHLPAPI.DLL
0x00007fff44330000 - 0x00007fff44338000 	C:\WINDOWS\System32\NSI.dll
0x00007fff313b0000 - 0x00007fff313c6000 	C:\WINDOWS\SYSTEM32\dhcpcsvc6.DLL
0x00007fff31bf0000 - 0x00007fff31c0c000 	C:\WINDOWS\SYSTEM32\dhcpcsvc.DLL
0x00007fff41360000 - 0x00007fff4142b000 	C:\WINDOWS\SYSTEM32\DNSAPI.dll
0x00007fff35510000 - 0x00007fff3551b000 	C:\WINDOWS\SYSTEM32\WINNSI.DLL

VM Arguments:
jvm_args: -Xmx1024m -Dfile.encoding=UTF-8 -Duser.country=US -Duser.language=en -Duser.variant 
java_command: org.gradle.launcher.daemon.bootstrap.GradleDaemon 6.5
java_class_path (initial): C:\Users\luqma\.gradle\wrapper\dists\gradle-6.5-bin\6nifqtx7604sqp1q6g8wikw7p\gradle-6.5\lib\gradle-launcher-6.5.jar
Launcher Type: SUN_STANDARD

Environment Variables:
PATH=C:\Python38\Scripts\;C:\Python38\;C:\WINDOWS\system32;C:\WINDOWS;C:\WINDOWS\System32\Wbem;C:\WINDOWS\System32\WindowsPowerShell\v1.0\;C:\WINDOWS\System32\OpenSSH\;C:\xampp\php;C:\ProgramData\ComposerSetup\bin;C:\Program Files (x86)\Intel\Intel(R) Management Engine Components\DAL;C:\Program Files\Intel\Intel(R) Management Engine Components\DAL;C:\Program Files\nodejs\;C:\ProgramData\chocolatey\bin;D:\Xamp\php;C:\Program Files\Git\cmd;C:\Users\luqma\AppData\Local\Microsoft\WindowsApps;C:\Users\luqma\AppData\Roaming\Composer\vendor\bin;"C:\Users\luqma\AppData\Roaming\npm;C:\src\flutter\flutter\bin";
USERNAME=luqma
OS=Windows_NT
PROCESSOR_IDENTIFIER=Intel64 Family 6 Model 78 Stepping 3, GenuineIntel



---------------  S Y S T E M  ---------------

OS: Windows 10.0 , 64 bit Build 18362 (10.0.18362.1110)

CPU:total 4 (initial active 4) (2 cores per cpu, 2 threads per core) family 6 model 78 stepping 3, cmov, cx8, fxsr, mmx, sse, sse2, sse3, ssse3, sse4.1, sse4.2, popcnt, avx, avx2, aes, clmul, erms, rtm, 3dnowpref, lzcnt, ht, tsc, tscinvbit, bmi1, bmi2, adx

Memory: 4k page, physical 8266332k(314196k free), swap 32213844k(4496k free)

vm_info: OpenJDK 64-Bit Server VM (25.242-b01) for windows-amd64 JRE (1.8.0_242-release-1644-b01), built by "builder" with MS VC++ 10.0 (VS2010)

time: Thu Dec 31 12:04:49 2020
timezone: Pakistan Standard Time
elapsed time: 9 seconds (0d 0h 0m 9s)

