#
# There is insufficient memory for the Java Runtime Environment to continue.
# Native memory allocation (malloc) failed to allocate 32744 bytes for ChunkPool::allocate
# Possible reasons:
#   The system is out of physical RAM or swap space
#   The process is running with CompressedOops enabled, and the Java Heap may be blocking the growth of the native heap
# Possible solutions:
#   Reduce memory load on the system
#   Increase physical memory or swap space
#   Check if swap backing store is full
#   Decrease Java heap size (-Xmx/-Xms)
#   Decrease number of Java threads
#   Decrease Java thread stack sizes (-Xss)
#   Set larger code cache with -XX:ReservedCodeCacheSize=
#   JVM is running with Zero Based Compressed Oops mode in which the Java heap is
#     placed in the first 32GB address space. The Java Heap base address is the
#     maximum limit for the native heap growth. Please use -XX:HeapBaseMinAddress
#     to set the Java Heap base and to place the Java Heap above 32GB virtual address.
# This output file may be truncated or incomplete.
#
#  Out of Memory Error (allocation.cpp:272), pid=20376, tid=0x00000000000016bc
#
# JRE version: OpenJDK Runtime Environment (8.0_242-b01) (build 1.8.0_242-release-1644-b01)
# Java VM: OpenJDK 64-Bit Server VM (25.242-b01 mixed mode windows-amd64 compressed oops)
# Failed to write core dump. Minidumps are not enabled by default on client versions of Windows
#

---------------  T H R E A D  ---------------

Current thread (0x000000001c42a800):  JavaThread "C2 CompilerThread1" daemon [_thread_in_native, id=5820, stack(0x000000001db70000,0x000000001dc70000)]

Stack: [0x000000001db70000,0x000000001dc70000]
[error occurred during error reporting (printing stack bounds), id 0xc0000005]

Native frames: (J=compiled Java code, j=interpreted, Vv=VM code, C=native code)


Current CompileTask:
C2:   4779 1609       4       java.net.URLClassLoader$1::run (5 bytes)


---------------  P R O C E S S  ---------------

Java Threads: ( => current thread )
  0x0000000020182800 JavaThread "Cache worker for file hash cache (C:\Users\luqma\.gradle\caches\6.5\fileHashes)" [_thread_blocked, id=10328, stack(0x0000000023380000,0x0000000023480000)]
  0x0000000020182000 JavaThread "File lock request listener" [_thread_in_native, id=10900, stack(0x00000000222b0000,0x00000000223b0000)]
  0x000000001f8f7800 JavaThread "Cache worker for journal cache (C:\Users\luqma\.gradle\caches\journal-1)" [_thread_blocked, id=19300, stack(0x00000000221b0000,0x00000000222b0000)]
  0x000000001eaf4800 JavaThread "Thread-9" [_thread_blocked, id=20020, stack(0x0000000021eb0000,0x0000000021fb0000)]
  0x000000001eaf3800 JavaThread "Stdin handler" [_thread_blocked, id=11584, stack(0x0000000021db0000,0x0000000021eb0000)]
  0x000000001efd1000 JavaThread "Asynchronous log dispatcher for DefaultDaemonConnection: socket connection from /127.0.0.1:51524 to /127.0.0.1:51525" [_thread_blocked, id=19072, stack(0x0000000021cb0000,0x0000000021db0000)]
  0x000000001eaf9800 JavaThread "Daemon worker" [_thread_in_vm, id=11336, stack(0x0000000021a90000,0x0000000021b90000)]
  0x000000001ff5c000 JavaThread "Cancel handler" [_thread_blocked, id=5332, stack(0x0000000021bb0000,0x0000000021cb0000)]
  0x000000002004c000 JavaThread "Handler for socket connection from /127.0.0.1:51524 to /127.0.0.1:51525" [_thread_in_native, id=20044, stack(0x0000000021990000,0x0000000021a90000)]
  0x000000001ffa1800 JavaThread "Daemon" [_thread_blocked, id=12872, stack(0x0000000021690000,0x0000000021790000)]
  0x0000000020025800 JavaThread "Daemon periodic checks" [_thread_blocked, id=6548, stack(0x0000000021590000,0x0000000021690000)]
  0x000000001ff2f000 JavaThread "Incoming local TCP Connector on port 51524" [_thread_in_native, id=16844, stack(0x0000000021350000,0x0000000021450000)]
  0x000000001fdf3000 JavaThread "Daemon health stats" [_thread_blocked, id=20252, stack(0x0000000020d10000,0x0000000020e10000)]
  0x000000001dda9800 JavaThread "Service Thread" daemon [_thread_blocked, id=19800, stack(0x000000001e170000,0x000000001e270000)]
  0x000000001c438000 JavaThread "C1 CompilerThread2" daemon [_thread_blocked, id=19860, stack(0x000000001dc70000,0x000000001dd70000)]
=>0x000000001c42a800 JavaThread "C2 CompilerThread1" daemon [_thread_in_native, id=5820, stack(0x000000001db70000,0x000000001dc70000)]
  0x000000001c426000 JavaThread "C2 CompilerThread0" daemon [_thread_in_native, id=5592, stack(0x000000001da70000,0x000000001db70000)]
  0x000000001c425000 JavaThread "Attach Listener" daemon [_thread_blocked, id=19708, stack(0x000000001d970000,0x000000001da70000)]
  0x000000001c421800 JavaThread "Signal Dispatcher" daemon [_thread_blocked, id=13464, stack(0x000000001d870000,0x000000001d970000)]
  0x0000000002d4c000 JavaThread "Finalizer" daemon [_thread_blocked, id=7124, stack(0x000000001d670000,0x000000001d770000)]
  0x000000001c409000 JavaThread "Reference Handler" daemon [_thread_blocked, id=20008, stack(0x000000001d570000,0x000000001d670000)]
  0x0000000002abe000 JavaThread "main" [_thread_blocked, id=20084, stack(0x00000000029b0000,0x0000000002ab0000)]

Other Threads:
  0x000000001c3e6000 VMThread [stack: 0x000000001d470000,0x000000001d570000] [id=19676]
  0x000000001ddaa000 WatcherThread [stack: 0x000000001e270000,0x000000001e370000] [id=2476]

VM state:not at safepoint (normal execution)

VM Mutex/Monitor currently owned by a thread: None

heap address: 0x00000006c0000000, size: 4096 MB, Compressed Oops mode: Zero based, Oop shift amount: 3
Narrow klass base: 0x0000000000000000, Narrow klass shift: 3
Compressed class space size: 1073741824 Address: 0x00000007c0000000

Heap:
 PSYoungGen      total 71680K, used 12286K [0x000000076ab00000, 0x000000076f600000, 0x00000007c0000000)
  eden space 66560K, 10% used [0x000000076ab00000,0x000000076b1ffe98,0x000000076ec00000)
  from space 5120K, 99% used [0x000000076f100000,0x000000076f5ffc30,0x000000076f600000)
  to   space 5120K, 0% used [0x000000076ec00000,0x000000076ec00000,0x000000076f100000)
 ParOldGen       total 87552K, used 3673K [0x00000006c0000000, 0x00000006c5580000, 0x000000076ab00000)
  object space 87552K, 4% used [0x00000006c0000000,0x00000006c03964d8,0x00000006c5580000)
 Metaspace       used 16305K, capacity 16910K, committed 17280K, reserved 1064960K
  class space    used 2154K, capacity 2345K, committed 2432K, reserved 1048576K

Card table byte_map: [0x0000000012110000,0x0000000012920000] byte_map_base: 0x000000000eb10000

Marking Bits: (ParMarkBitMap*) 0x000000006820f030
 Begin Bits: [0x0000000013280000, 0x0000000017280000)
 End Bits:   [0x0000000017280000, 0x000000001b280000)

Polling page: 0x0000000000db0000

CodeCache: size=245760Kb used=5696Kb max_used=5696Kb free=240063Kb
 bounds [0x0000000002d50000, 0x00000000032f0000, 0x0000000011d50000]
 total_blobs=2034 nmethods=1636 adapters=311
 compilation: enabled

Compilation events (10 events):
Event: 4.515 Thread 0x000000001c438000 1637       3       sun.reflect.ReflectionFactory::checkInitted (19 bytes)
Event: 4.515 Thread 0x000000001c438000 nmethod 1637 0x00000000032e03d0 code [0x00000000032e0540, 0x00000000032e0808]
Event: 4.515 Thread 0x000000001c438000 1638       3       com.google.common.collect.Hashing::smear (19 bytes)
Event: 4.515 Thread 0x000000001c438000 nmethod 1638 0x00000000032e0910 code [0x00000000032e0a60, 0x00000000032e0c30]
Event: 4.537 Thread 0x000000001c438000 1639       3       sun.reflect.ReflectionFactory::copyConstructor (10 bytes)
Event: 4.538 Thread 0x000000001c438000 nmethod 1639 0x00000000032e0cd0 code [0x00000000032e0e60, 0x00000000032e1248]
Event: 4.538 Thread 0x000000001c438000 1641       3       jdk.internal.org.objectweb.asm.MethodWriter::visitTypeInsn (110 bytes)
Event: 4.539 Thread 0x000000001c438000 nmethod 1641 0x00000000032e1410 code [0x00000000032e15a0, 0x00000000032e19e8]
Event: 4.574 Thread 0x000000001c438000 1642       3       java.lang.Enum::<init> (15 bytes)
Event: 4.574 Thread 0x000000001c438000 nmethod 1642 0x00000000032e1c10 code [0x00000000032e1d60, 0x00000000032e1f30]

GC Heap History (8 events):
Event: 1.565 GC heap before
{Heap before GC invocations=1 (full 0):
 PSYoungGen      total 38400K, used 33280K [0x000000076ab00000, 0x000000076d580000, 0x00000007c0000000)
  eden space 33280K, 100% used [0x000000076ab00000,0x000000076cb80000,0x000000076cb80000)
  from space 5120K, 0% used [0x000000076d080000,0x000000076d080000,0x000000076d580000)
  to   space 5120K, 0% used [0x000000076cb80000,0x000000076cb80000,0x000000076d080000)
 ParOldGen       total 87552K, used 0K [0x00000006c0000000, 0x00000006c5580000, 0x000000076ab00000)
  object space 87552K, 0% used [0x00000006c0000000,0x00000006c0000000,0x00000006c5580000)
 Metaspace       used 7225K, capacity 7446K, committed 7680K, reserved 1056768K
  class space    used 890K, capacity 973K, committed 1024K, reserved 1048576K
Event: 1.576 GC heap after
Heap after GC invocations=1 (full 0):
 PSYoungGen      total 38400K, used 4365K [0x000000076ab00000, 0x000000076d580000, 0x00000007c0000000)
  eden space 33280K, 0% used [0x000000076ab00000,0x000000076ab00000,0x000000076cb80000)
  from space 5120K, 85% used [0x000000076cb80000,0x000000076cfc3488,0x000000076d080000)
  to   space 5120K, 0% used [0x000000076d080000,0x000000076d080000,0x000000076d580000)
 ParOldGen       total 87552K, used 8K [0x00000006c0000000, 0x00000006c5580000, 0x000000076ab00000)
  object space 87552K, 0% used [0x00000006c0000000,0x00000006c0002000,0x00000006c5580000)
 Metaspace       used 7225K, capacity 7446K, committed 7680K, reserved 1056768K
  class space    used 890K, capacity 973K, committed 1024K, reserved 1048576K
}
Event: 1.972 GC heap before
{Heap before GC invocations=2 (full 0):
 PSYoungGen      total 38400K, used 37645K [0x000000076ab00000, 0x000000076d580000, 0x00000007c0000000)
  eden space 33280K, 100% used [0x000000076ab00000,0x000000076cb80000,0x000000076cb80000)
  from space 5120K, 85% used [0x000000076cb80000,0x000000076cfc3488,0x000000076d080000)
  to   space 5120K, 0% used [0x000000076d080000,0x000000076d080000,0x000000076d580000)
 ParOldGen       total 87552K, used 8K [0x00000006c0000000, 0x00000006c5580000, 0x000000076ab00000)
  object space 87552K, 0% used [0x00000006c0000000,0x00000006c0002000,0x00000006c5580000)
 Metaspace       used 7465K, capacity 7758K, committed 7936K, reserved 1056768K
  class space    used 916K, capacity 1013K, committed 1024K, reserved 1048576K
Event: 1.981 GC heap after
Heap after GC invocations=2 (full 0):
 PSYoungGen      total 38400K, used 3245K [0x000000076ab00000, 0x000000076f600000, 0x00000007c0000000)
  eden space 33280K, 0% used [0x000000076ab00000,0x000000076ab00000,0x000000076cb80000)
  from space 5120K, 63% used [0x000000076d080000,0x000000076d3ab7e0,0x000000076d580000)
  to   space 5120K, 0% used [0x000000076cb80000,0x000000076cb80000,0x000000076d080000)
 ParOldGen       total 87552K, used 16K [0x00000006c0000000, 0x00000006c5580000, 0x000000076ab00000)
  object space 87552K, 0% used [0x00000006c0000000,0x00000006c0004000,0x00000006c5580000)
 Metaspace       used 7465K, capacity 7758K, committed 7936K, reserved 1056768K
  class space    used 916K, capacity 1013K, committed 1024K, reserved 1048576K
}
Event: 3.736 GC heap before
{Heap before GC invocations=3 (full 0):
 PSYoungGen      total 38400K, used 36525K [0x000000076ab00000, 0x000000076f600000, 0x00000007c0000000)
  eden space 33280K, 100% used [0x000000076ab00000,0x000000076cb80000,0x000000076cb80000)
  from space 5120K, 63% used [0x000000076d080000,0x000000076d3ab7e0,0x000000076d580000)
  to   space 5120K, 0% used [0x000000076cb80000,0x000000076cb80000,0x000000076d080000)
 ParOldGen       total 87552K, used 16K [0x00000006c0000000, 0x00000006c5580000, 0x000000076ab00000)
  object space 87552K, 0% used [0x00000006c0000000,0x00000006c0004000,0x00000006c5580000)
 Metaspace       used 12177K, capacity 12572K, committed 12800K, reserved 1060864K
  class space    used 1620K, capacity 1738K, committed 1792K, reserved 1048576K
Event: 3.746 GC heap after
Heap after GC invocations=3 (full 0):
 PSYoungGen      total 38400K, used 5120K [0x000000076ab00000, 0x000000076f600000, 0x00000007c0000000)
  eden space 33280K, 0% used [0x000000076ab00000,0x000000076ab00000,0x000000076cb80000)
  from space 5120K, 100% used [0x000000076cb80000,0x000000076d080000,0x000000076d080000)
  to   space 5120K, 0% used [0x000000076f100000,0x000000076f100000,0x000000076f600000)
 ParOldGen       total 87552K, used 1090K [0x00000006c0000000, 0x00000006c5580000, 0x000000076ab00000)
  object space 87552K, 1% used [0x00000006c0000000,0x00000006c0110b00,0x00000006c5580000)
 Metaspace       used 12177K, capacity 12572K, committed 12800K, reserved 1060864K
  class space    used 1620K, capacity 1738K, committed 1792K, reserved 1048576K
}
Event: 4.323 GC heap before
{Heap before GC invocations=4 (full 0):
 PSYoungGen      total 38400K, used 38322K [0x000000076ab00000, 0x000000076f600000, 0x00000007c0000000)
  eden space 33280K, 99% used [0x000000076ab00000,0x000000076cb6c9e0,0x000000076cb80000)
  from space 5120K, 100% used [0x000000076cb80000,0x000000076d080000,0x000000076d080000)
  to   space 5120K, 0% used [0x000000076f100000,0x000000076f100000,0x000000076f600000)
 ParOldGen       total 87552K, used 1090K [0x00000006c0000000, 0x00000006c5580000, 0x000000076ab00000)
  object space 87552K, 1% used [0x00000006c0000000,0x00000006c0110b00,0x00000006c5580000)
 Metaspace       used 14736K, capacity 15222K, committed 15488K, reserved 1062912K
  class space    used 2010K, capacity 2165K, committed 2176K, reserved 1048576K
Event: 4.341 GC heap after
Heap after GC invocations=4 (full 0):
 PSYoungGen      total 71680K, used 5119K [0x000000076ab00000, 0x000000076f600000, 0x00000007c0000000)
  eden space 66560K, 0% used [0x000000076ab00000,0x000000076ab00000,0x000000076ec00000)
  from space 5120K, 99% used [0x000000076f100000,0x000000076f5ffc30,0x000000076f600000)
  to   space 5120K, 0% used [0x000000076ec00000,0x000000076ec00000,0x000000076f100000)
 ParOldGen       total 87552K, used 3673K [0x00000006c0000000, 0x00000006c5580000, 0x000000076ab00000)
  object space 87552K, 4% used [0x00000006c0000000,0x00000006c03964d8,0x00000006c5580000)
 Metaspace       used 14736K, capacity 15222K, committed 15488K, reserved 1062912K
  class space    used 2010K, capacity 2165K, committed 2176K, reserved 1048576K
}

Deoptimization events (10 events):
Event: 3.764 Thread 0x000000001ffa1800 Uncommon trap: reason=unstable_if action=reinterpret pc=0x00000000031d7960 method=java.util.UUID.equals(Ljava/lang/Object;)Z @ 30
Event: 3.820 Thread 0x000000001eaf9800 Uncommon trap: reason=bimorphic action=maybe_recompile pc=0x0000000003062b10 method=java.util.HashMap.putVal(ILjava/lang/Object;Ljava/lang/Object;ZZ)Ljava/lang/Object; @ 253
Event: 3.821 Thread 0x000000001eaf9800 Uncommon trap: reason=bimorphic action=maybe_recompile pc=0x0000000003062b10 method=java.util.HashMap.putVal(ILjava/lang/Object;Ljava/lang/Object;ZZ)Ljava/lang/Object; @ 253
Event: 3.821 Thread 0x000000001eaf9800 Uncommon trap: reason=bimorphic action=maybe_recompile pc=0x0000000003062b10 method=java.util.HashMap.putVal(ILjava/lang/Object;Ljava/lang/Object;ZZ)Ljava/lang/Object; @ 253
Event: 3.821 Thread 0x000000001eaf9800 Uncommon trap: reason=bimorphic action=maybe_recompile pc=0x0000000003062b10 method=java.util.HashMap.putVal(ILjava/lang/Object;Ljava/lang/Object;ZZ)Ljava/lang/Object; @ 253
Event: 4.196 Thread 0x000000001eaf9800 Uncommon trap: reason=class_check action=maybe_recompile pc=0x000000000309d7f4 method=java.util.regex.Matcher.match(II)Z @ 86
Event: 4.220 Thread 0x000000001eaf9800 Uncommon trap: reason=class_check action=maybe_recompile pc=0x000000000309d7f4 method=java.util.regex.Matcher.match(II)Z @ 86
Event: 4.220 Thread 0x000000001eaf9800 Uncommon trap: reason=class_check action=maybe_recompile pc=0x000000000309d7f4 method=java.util.regex.Matcher.match(II)Z @ 86
Event: 4.220 Thread 0x000000001eaf9800 Uncommon trap: reason=class_check action=maybe_recompile pc=0x0000000002f129d4 method=java.util.regex.Matcher.match(II)Z @ 86
Event: 4.414 Thread 0x000000001eaf9800 Uncommon trap: reason=unstable_if action=reinterpret pc=0x000000000308a8ec method=java.io.File.getName()Ljava/lang/String; @ 16

Classes redefined (0 events):
No events

Internal exceptions (10 events):
Event: 3.687 Thread 0x000000002004c000 Exception <a 'java/lang/NoSuchMethodError': <clinit>> (0x000000076c9a6728) thrown at [C:\src\AOSP-openjdk-git\hotspot\src\share\vm\prims\jni.cpp, line 1615]
Event: 3.688 Thread 0x000000002004c000 Exception <a 'java/lang/NoSuchMethodError': <clinit>> (0x000000076c9af2c8) thrown at [C:\src\AOSP-openjdk-git\hotspot\src\share\vm\prims\jni.cpp, line 1615]
Event: 3.690 Thread 0x000000002004c000 Exception <a 'java/lang/NoSuchMethodError': <clinit>> (0x000000076c9c5620) thrown at [C:\src\AOSP-openjdk-git\hotspot\src\share\vm\prims\jni.cpp, line 1615]
Event: 3.708 Thread 0x000000002004c000 Exception <a 'java/lang/NoSuchMethodError': <clinit>> (0x000000076ca3f2d8) thrown at [C:\src\AOSP-openjdk-git\hotspot\src\share\vm\prims\jni.cpp, line 1615]
Event: 3.713 Thread 0x000000002004c000 Exception <a 'java/lang/NoSuchMethodError': <clinit>> (0x000000076ca6e940) thrown at [C:\src\AOSP-openjdk-git\hotspot\src\share\vm\prims\jni.cpp, line 1615]
Event: 3.720 Thread 0x000000002004c000 Exception <a 'java/lang/NoSuchMethodError': <clinit>> (0x000000076ca9cea8) thrown at [C:\src\AOSP-openjdk-git\hotspot\src\share\vm\prims\jni.cpp, line 1615]
Event: 3.722 Thread 0x000000002004c000 Exception <a 'java/lang/NoSuchMethodError': <clinit>> (0x000000076caa9320) thrown at [C:\src\AOSP-openjdk-git\hotspot\src\share\vm\prims\jni.cpp, line 1615]
Event: 4.493 Thread 0x000000001eaf9800 Exception <a 'java/lang/NoSuchMethodError': java.lang.Object.lambda$and$0(Ljava/util/function/Predicate;Ljava/lang/Object;)Z> (0x000000076af05208) thrown at [C:\src\AOSP-openjdk-git\hotspot\src\share\vm\interpreter\linkResolver.cpp, line 620]
Event: 4.539 Thread 0x000000001eaf9800 Exception <a 'java/lang/IncompatibleClassChangeError': Found class java.lang.Object, but interface was expected> (0x000000076af15500) thrown at [C:\src\AOSP-openjdk-git\hotspot\src\share\vm\interpreter\linkResolver.cpp, line 653]
Event: 4.558 Thread 0x000000001eaf9800 Exception <a 'java/lang/NoSuchMethodError': java.lang.Object.lambda$or$2(Ljava/util/function/Predicate;Ljava/lang/Object;)Z> (0x000000076af1a050) thrown at [C:\src\AOSP-openjdk-git\hotspot\src\share\vm\interpreter\linkResolver.cpp, line 620]

Events (10 events):
Event: 4.746 loading class org/gradle/groovy/scripts/internal/ScriptRunnerFactory
Event: 4.746 loading class org/gradle/groovy/scripts/internal/ScriptRunnerFactory done
Event: 4.746 loading class org/gradle/internal/actor/ActorFactory
Event: 4.746 loading class org/gradle/internal/actor/ActorFactory done
Event: 4.748 loading class org/gradle/configuration/project/ProjectEvaluator
Event: 4.748 loading class org/gradle/configuration/project/ProjectEvaluator done
Event: 4.749 loading class org/gradle/configuration/InitScriptProcessor
Event: 4.749 loading class org/gradle/configuration/InitScriptProcessor done
Event: 4.750 loading class org/gradle/initialization/SettingsProcessor
Event: 4.750 loading class org/gradle/initialization/SettingsProcessor done


Dynamic libraries:
0x00007ff7ad0b0000 - 0x00007ff7ad0e1000 	C:\Program Files\Android\Android Studio\jre\bin\java.exe
0x00007fff44f80000 - 0x00007fff45170000 	C:\WINDOWS\SYSTEM32\ntdll.dll
0x00007fff43830000 - 0x00007fff438e2000 	C:\WINDOWS\System32\KERNEL32.DLL
0x00007fff42850000 - 0x00007fff42af5000 	C:\WINDOWS\System32\KERNELBASE.dll
0x00007fff43160000 - 0x00007fff43203000 	C:\WINDOWS\System32\ADVAPI32.dll
0x00007fff43700000 - 0x00007fff4379e000 	C:\WINDOWS\System32\msvcrt.dll
0x00007fff430c0000 - 0x00007fff43157000 	C:\WINDOWS\System32\sechost.dll
0x00007fff43290000 - 0x00007fff433b0000 	C:\WINDOWS\System32\RPCRT4.dll
0x00007fff433b0000 - 0x00007fff43544000 	C:\WINDOWS\System32\USER32.dll
0x00007fff41ef0000 - 0x00007fff41f11000 	C:\WINDOWS\System32\win32u.dll
0x00007fff43090000 - 0x00007fff430b6000 	C:\WINDOWS\System32\GDI32.dll
0x00007fff426b0000 - 0x00007fff42846000 	C:\WINDOWS\System32\gdi32full.dll
0x00007fff42b00000 - 0x00007fff42b9e000 	C:\WINDOWS\System32\msvcp_win.dll
0x00007fff42e80000 - 0x00007fff42f7a000 	C:\WINDOWS\System32\ucrtbase.dll
0x00007fff2ea80000 - 0x00007fff2ed04000 	C:\WINDOWS\WinSxS\amd64_microsoft.windows.common-controls_6595b64144ccf1df_6.0.18362.1256_none_9e7e379be45e40e2\COMCTL32.dll
0x00007fff44340000 - 0x00007fff44676000 	C:\WINDOWS\System32\combase.dll
0x00007fff42df0000 - 0x00007fff42e71000 	C:\WINDOWS\System32\bcryptPrimitives.dll
0x00007fff44140000 - 0x00007fff4416e000 	C:\WINDOWS\System32\IMM32.DLL
0x0000000067880000 - 0x0000000067952000 	C:\Program Files\Android\Android Studio\jre\jre\bin\msvcr100.dll
0x0000000067a40000 - 0x000000006828b000 	C:\Program Files\Android\Android Studio\jre\jre\bin\server\jvm.dll
0x00007fff44170000 - 0x00007fff44178000 	C:\WINDOWS\System32\PSAPI.DLL
0x00007fff37940000 - 0x00007fff37949000 	C:\WINDOWS\SYSTEM32\WSOCK32.dll
0x00007fff44c20000 - 0x00007fff44c8f000 	C:\WINDOWS\System32\WS2_32.dll
0x00007fff3fd90000 - 0x00007fff3fdb4000 	C:\WINDOWS\SYSTEM32\WINMM.dll
0x00007fff3cbb0000 - 0x00007fff3cbba000 	C:\WINDOWS\SYSTEM32\VERSION.dll
0x00007fff3f9f0000 - 0x00007fff3fa1d000 	C:\WINDOWS\SYSTEM32\WINMMBASE.dll
0x00007fff42bd0000 - 0x00007fff42c1a000 	C:\WINDOWS\System32\cfgmgr32.dll
0x00007fff30f80000 - 0x00007fff30f8f000 	C:\Program Files\Android\Android Studio\jre\jre\bin\verify.dll
0x00007fff22d10000 - 0x00007fff22d39000 	C:\Program Files\Android\Android Studio\jre\jre\bin\java.dll
0x00007fff202d0000 - 0x00007fff202e6000 	C:\Program Files\Android\Android Studio\jre\jre\bin\zip.dll
0x00007fff438f0000 - 0x00007fff43fd7000 	C:\WINDOWS\System32\SHELL32.dll
0x00007fff44c90000 - 0x00007fff44d39000 	C:\WINDOWS\System32\shcore.dll
0x00007fff41f20000 - 0x00007fff426a1000 	C:\WINDOWS\System32\windows.storage.dll
0x00007fff41ea0000 - 0x00007fff41ec3000 	C:\WINDOWS\System32\profapi.dll
0x00007fff41e50000 - 0x00007fff41e9a000 	C:\WINDOWS\System32\powrprof.dll
0x00007fff41e20000 - 0x00007fff41e30000 	C:\WINDOWS\System32\UMPDC.dll
0x00007fff43560000 - 0x00007fff435b2000 	C:\WINDOWS\System32\shlwapi.dll
0x00007fff41ed0000 - 0x00007fff41ee1000 	C:\WINDOWS\System32\kernel.appcore.dll
0x00007fff42d70000 - 0x00007fff42d87000 	C:\WINDOWS\System32\cryptsp.dll
0x00007fff201f0000 - 0x00007fff2020a000 	C:\Program Files\Android\Android Studio\jre\jre\bin\net.dll
0x00007fff41610000 - 0x00007fff41677000 	C:\WINDOWS\system32\mswsock.dll
0x00007fff201d0000 - 0x00007fff201e3000 	C:\Program Files\Android\Android Studio\jre\jre\bin\nio.dll
0x00007fff22080000 - 0x00007fff220a7000 	C:\Users\luqma\.gradle\native\f6784746aeab05261644944871eae4fe03e0ef1612fff0a4a95f87b438bc6780\windows-amd64\native-platform.dll
0x00007fff2f2b0000 - 0x00007fff2f2bd000 	C:\Program Files\Android\Android Studio\jre\jre\bin\management.dll
0x00007fff41180000 - 0x00007fff411b3000 	C:\WINDOWS\system32\rsaenh.dll
0x00007fff42ba0000 - 0x00007fff42bc6000 	C:\WINDOWS\System32\bcrypt.dll
0x00007fff41d00000 - 0x00007fff41d25000 	C:\WINDOWS\SYSTEM32\USERENV.dll
0x00007fff417e0000 - 0x00007fff417ec000 	C:\WINDOWS\SYSTEM32\CRYPTBASE.dll
0x00007fff41320000 - 0x00007fff4135a000 	C:\WINDOWS\SYSTEM32\IPHLPAPI.DLL
0x00007fff44330000 - 0x00007fff44338000 	C:\WINDOWS\System32\NSI.dll
0x00007fff313b0000 - 0x00007fff313c6000 	C:\WINDOWS\SYSTEM32\dhcpcsvc6.DLL
0x00007fff31bf0000 - 0x00007fff31c0c000 	C:\WINDOWS\SYSTEM32\dhcpcsvc.DLL
0x00007fff41360000 - 0x00007fff4142b000 	C:\WINDOWS\SYSTEM32\DNSAPI.dll
0x00007fff35510000 - 0x00007fff3551b000 	C:\WINDOWS\SYSTEM32\WINNSI.DLL

VM Arguments:
jvm_args: -Xmx4096m -Dfile.encoding=UTF-8 -Duser.country=US -Duser.language=en -Duser.variant 
java_command: org.gradle.launcher.daemon.bootstrap.GradleDaemon 6.5
java_class_path (initial): C:\Users\luqma\.gradle\wrapper\dists\gradle-6.5-bin\6nifqtx7604sqp1q6g8wikw7p\gradle-6.5\lib\gradle-launcher-6.5.jar
Launcher Type: SUN_STANDARD

Environment Variables:
PATH=C:\Python38\Scripts\;C:\Python38\;C:\WINDOWS\system32;C:\WINDOWS;C:\WINDOWS\System32\Wbem;C:\WINDOWS\System32\WindowsPowerShell\v1.0\;C:\WINDOWS\System32\OpenSSH\;C:\xampp\php;C:\ProgramData\ComposerSetup\bin;C:\Program Files (x86)\Intel\Intel(R) Management Engine Components\DAL;C:\Program Files\Intel\Intel(R) Management Engine Components\DAL;C:\Program Files\nodejs\;C:\ProgramData\chocolatey\bin;D:\Xamp\php;C:\Program Files\Git\cmd;C:\Users\luqma\AppData\Local\Microsoft\WindowsApps;C:\Users\luqma\AppData\Roaming\Composer\vendor\bin;"C:\Users\luqma\AppData\Roaming\npm;C:\src\flutter\flutter\bin";
USERNAME=luqma
OS=Windows_NT
PROCESSOR_IDENTIFIER=Intel64 Family 6 Model 78 Stepping 3, GenuineIntel



---------------  S Y S T E M  ---------------

OS: Windows 10.0 , 64 bit Build 18362 (10.0.18362.1110)

CPU:total 4 (initial active 4) (2 cores per cpu, 2 threads per core) family 6 model 78 stepping 3, cmov, cx8, fxsr, mmx, sse, sse2, sse3, ssse3, sse4.1, sse4.2, popcnt, avx, avx2, aes, clmul, erms, rtm, 3dnowpref, lzcnt, ht, tsc, tscinvbit, bmi1, bmi2, adx

Memory: 4k page, physical 8266332k(68908k free), swap 32213844k(156k free)

vm_info: OpenJDK 64-Bit Server VM (25.242-b01) for windows-amd64 JRE (1.8.0_242-release-1644-b01), built by "builder" with MS VC++ 10.0 (VS2010)

time: Thu Dec 31 11:58:03 2020
timezone: Pakistan Standard Time
elapsed time: 4 seconds (0d 0h 0m 4s)

