#
# There is insufficient memory for the Java Runtime Environment to continue.
# Native memory allocation (malloc) failed to allocate 262160 bytes for Chunk::new
# Possible reasons:
#   The system is out of physical RAM or swap space
#   The process is running with CompressedOops enabled, and the Java Heap may be blocking the growth of the native heap
# Possible solutions:
#   Reduce memory load on the system
#   Increase physical memory or swap space
#   Check if swap backing store is full
#   Decrease Java heap size (-Xmx/-Xms)
#   Decrease number of Java threads
#   Decrease Java thread stack sizes (-Xss)
#   Set larger code cache with -XX:ReservedCodeCacheSize=
#   JVM is running with Zero Based Compressed Oops mode in which the Java heap is
#     placed in the first 32GB address space. The Java Heap base address is the
#     maximum limit for the native heap growth. Please use -XX:HeapBaseMinAddress
#     to set the Java Heap base and to place the Java Heap above 32GB virtual address.
# This output file may be truncated or incomplete.
#
#  Out of Memory Error (allocation.cpp:389), pid=19664, tid=0x00000000000014c4
#
# JRE version: OpenJDK Runtime Environment (8.0_242-b01) (build 1.8.0_242-release-1644-b01)
# Java VM: OpenJDK 64-Bit Server VM (25.242-b01 mixed mode windows-amd64 compressed oops)
# Failed to write core dump. Minidumps are not enabled by default on client versions of Windows
#

---------------  T H R E A D  ---------------

Current thread (0x000000001c67a800):  JavaThread "C2 CompilerThread1" daemon [_thread_in_native, id=5316, stack(0x000000001ded0000,0x000000001dfd0000)]

Stack: [0x000000001ded0000,0x000000001dfd0000]
[error occurred during error reporting (printing stack bounds), id 0xc0000005]

Native frames: (J=compiled Java code, j=interpreted, Vv=VM code, C=native code)


Current CompileTask:
C2:   6237 1647   !   4       java.net.URLClassLoader$1::run (63 bytes)


---------------  P R O C E S S  ---------------

Java Threads: ( => current thread )
  0x000000001f4cd000 JavaThread "Cache worker for file hash cache (C:\Users\luqma\.gradle\caches\6.5\fileHashes)" [_thread_blocked, id=9912, stack(0x0000000022720000,0x0000000022820000)]
  0x000000001f4ca800 JavaThread "File lock request listener" [_thread_in_native, id=8844, stack(0x0000000022620000,0x0000000022720000)]
  0x000000001f4d0000 JavaThread "Cache worker for journal cache (C:\Users\luqma\.gradle\caches\journal-1)" [_thread_blocked, id=20184, stack(0x0000000022520000,0x0000000022620000)]
  0x000000001f4cc000 JavaThread "Thread-9" [_thread_in_vm, id=17544, stack(0x0000000022220000,0x0000000022320000)]
  0x000000001f4cb800 JavaThread "Stdin handler" [_thread_blocked, id=15148, stack(0x0000000022120000,0x0000000022220000)]
  0x000000001eeaa000 JavaThread "Asynchronous log dispatcher for DefaultDaemonConnection: socket connection from /127.0.0.1:51532 to /127.0.0.1:51533" [_thread_blocked, id=5124, stack(0x0000000021df0000,0x0000000021ef0000)]
  0x00000000201c8800 JavaThread "Daemon worker" [_thread_in_native, id=18116, stack(0x0000000022020000,0x0000000022120000)]
  0x000000002019e800 JavaThread "Cancel handler" [_thread_blocked, id=4064, stack(0x0000000021f20000,0x0000000022020000)]
  0x000000002017c000 JavaThread "Handler for socket connection from /127.0.0.1:51532 to /127.0.0.1:51533" [_thread_in_native, id=18836, stack(0x0000000021cf0000,0x0000000021df0000)]
  0x000000002017b800 JavaThread "Daemon" [_thread_blocked, id=7224, stack(0x00000000219f0000,0x0000000021af0000)]
  0x00000000201ee000 JavaThread "Daemon periodic checks" [_thread_blocked, id=13084, stack(0x00000000218f0000,0x00000000219f0000)]
  0x00000000200ea000 JavaThread "Incoming local TCP Connector on port 51532" [_thread_in_native, id=7596, stack(0x00000000216b0000,0x00000000217b0000)]
  0x000000001fd9b800 JavaThread "Daemon health stats" [_thread_blocked, id=15396, stack(0x0000000021070000,0x0000000021170000)]
  0x000000001e100800 JavaThread "Service Thread" daemon [_thread_blocked, id=18304, stack(0x000000001e4d0000,0x000000001e5d0000)]
  0x000000001c682800 JavaThread "C1 CompilerThread2" daemon [_thread_blocked, id=16484, stack(0x000000001dfd0000,0x000000001e0d0000)]
=>0x000000001c67a800 JavaThread "C2 CompilerThread1" daemon [_thread_in_native, id=5316, stack(0x000000001ded0000,0x000000001dfd0000)]
  0x000000001c676000 JavaThread "C2 CompilerThread0" daemon [_thread_in_native, id=8892, stack(0x000000001ddd0000,0x000000001ded0000)]
  0x000000001c675000 JavaThread "Attach Listener" daemon [_thread_blocked, id=20248, stack(0x000000001dcd0000,0x000000001ddd0000)]
  0x000000001c671000 JavaThread "Signal Dispatcher" daemon [_thread_blocked, id=18592, stack(0x000000001dbd0000,0x000000001dcd0000)]
  0x0000000002f3b000 JavaThread "Finalizer" daemon [_thread_blocked, id=15516, stack(0x000000001d8d0000,0x000000001d9d0000)]
  0x000000001c659000 JavaThread "Reference Handler" daemon [_thread_blocked, id=18096, stack(0x000000001d7d0000,0x000000001d8d0000)]
  0x000000000118e000 JavaThread "main" [_thread_blocked, id=10108, stack(0x0000000001590000,0x0000000001690000)]

Other Threads:
  0x000000001c636000 VMThread [stack: 0x000000001d6d0000,0x000000001d7d0000] [id=19972]
  0x000000001e101000 WatcherThread [stack: 0x000000001e5d0000,0x000000001e6d0000] [id=9864]

VM state:not at safepoint (normal execution)

VM Mutex/Monitor currently owned by a thread: None

heap address: 0x00000006c0000000, size: 4096 MB, Compressed Oops mode: Zero based, Oop shift amount: 3
Narrow klass base: 0x0000000000000000, Narrow klass shift: 3
Compressed class space size: 1073741824 Address: 0x00000007c0000000

Heap:
 PSYoungGen      total 38400K, used 37958K [0x000000076ab00000, 0x000000076f600000, 0x00000007c0000000)
  eden space 33280K, 98% used [0x000000076ab00000,0x000000076cb15f00,0x000000076cb80000)
  from space 5120K, 99% used [0x000000076d080000,0x000000076d57bc40,0x000000076d580000)
  to   space 5120K, 0% used [0x000000076cb80000,0x000000076cb80000,0x000000076d080000)
 ParOldGen       total 87552K, used 3526K [0x00000006c0000000, 0x00000006c5580000, 0x000000076ab00000)
  object space 87552K, 4% used [0x00000006c0000000,0x00000006c0371b98,0x00000006c5580000)
 Metaspace       used 17634K, capacity 18242K, committed 18560K, reserved 1064960K
  class space    used 2409K, capacity 2575K, committed 2688K, reserved 1048576K

Card table byte_map: [0x0000000012360000,0x0000000012b70000] byte_map_base: 0x000000000ed60000

Marking Bits: (ParMarkBitMap*) 0x000000006820f030
 Begin Bits: [0x00000000134d0000, 0x00000000174d0000)
 End Bits:   [0x00000000174d0000, 0x000000001b4d0000)

Polling page: 0x0000000001160000

CodeCache: size=245760Kb used=5946Kb max_used=5946Kb free=239813Kb
 bounds [0x0000000002fa0000, 0x0000000003580000, 0x0000000011fa0000]
 total_blobs=2140 nmethods=1738 adapters=315
 compilation: enabled

Compilation events (10 events):
Event: 6.224 Thread 0x000000001c682800 1742       3       com.google.common.base.AbstractIterator::<init> (12 bytes)
Event: 6.224 Thread 0x000000001c682800 nmethod 1742 0x000000000356fb50 code [0x000000000356fcc0, 0x000000000356fe90]
Event: 6.224 Thread 0x000000001c682800 1744       3       com.google.common.collect.Hashing::smear (19 bytes)
Event: 6.224 Thread 0x000000001c682800 nmethod 1744 0x000000000356ff50 code [0x00000000035700a0, 0x0000000003570270]
Event: 6.224 Thread 0x000000001c682800 1745       3       java.lang.Integer::rotateLeft (9 bytes)
Event: 6.224 Thread 0x000000001c682800 nmethod 1745 0x0000000003570310 code [0x0000000003570460, 0x00000000035705b0]
Event: 6.233 Thread 0x000000001c682800 1746       3       sun.misc.ProxyGenerator::code_aload (11 bytes)
Event: 6.233 Thread 0x000000001c682800 nmethod 1746 0x0000000003570610 code [0x0000000003570780, 0x0000000003570928]
Event: 6.233 Thread 0x000000001c682800 1747       1       sun.misc.ProxyGenerator::access$800 (5 bytes)
Event: 6.233 Thread 0x000000001c682800 nmethod 1747 0x00000000035709d0 code [0x0000000003570b20, 0x0000000003570c10]

GC Heap History (8 events):
Event: 2.899 GC heap before
{Heap before GC invocations=1 (full 0):
 PSYoungGen      total 38400K, used 33280K [0x000000076ab00000, 0x000000076d580000, 0x00000007c0000000)
  eden space 33280K, 100% used [0x000000076ab00000,0x000000076cb80000,0x000000076cb80000)
  from space 5120K, 0% used [0x000000076d080000,0x000000076d080000,0x000000076d580000)
  to   space 5120K, 0% used [0x000000076cb80000,0x000000076cb80000,0x000000076d080000)
 ParOldGen       total 87552K, used 0K [0x00000006c0000000, 0x00000006c5580000, 0x000000076ab00000)
  object space 87552K, 0% used [0x00000006c0000000,0x00000006c0000000,0x00000006c5580000)
 Metaspace       used 7232K, capacity 7450K, committed 7680K, reserved 1056768K
  class space    used 890K, capacity 973K, committed 1024K, reserved 1048576K
Event: 2.906 GC heap after
Heap after GC invocations=1 (full 0):
 PSYoungGen      total 38400K, used 4382K [0x000000076ab00000, 0x000000076d580000, 0x00000007c0000000)
  eden space 33280K, 0% used [0x000000076ab00000,0x000000076ab00000,0x000000076cb80000)
  from space 5120K, 85% used [0x000000076cb80000,0x000000076cfc79b0,0x000000076d080000)
  to   space 5120K, 0% used [0x000000076d080000,0x000000076d080000,0x000000076d580000)
 ParOldGen       total 87552K, used 16K [0x00000006c0000000, 0x00000006c5580000, 0x000000076ab00000)
  object space 87552K, 0% used [0x00000006c0000000,0x00000006c0004000,0x00000006c5580000)
 Metaspace       used 7232K, capacity 7450K, committed 7680K, reserved 1056768K
  class space    used 890K, capacity 973K, committed 1024K, reserved 1048576K
}
Event: 3.584 GC heap before
{Heap before GC invocations=2 (full 0):
 PSYoungGen      total 38400K, used 37662K [0x000000076ab00000, 0x000000076d580000, 0x00000007c0000000)
  eden space 33280K, 100% used [0x000000076ab00000,0x000000076cb80000,0x000000076cb80000)
  from space 5120K, 85% used [0x000000076cb80000,0x000000076cfc79b0,0x000000076d080000)
  to   space 5120K, 0% used [0x000000076d080000,0x000000076d080000,0x000000076d580000)
 ParOldGen       total 87552K, used 16K [0x00000006c0000000, 0x00000006c5580000, 0x000000076ab00000)
  object space 87552K, 0% used [0x00000006c0000000,0x00000006c0004000,0x00000006c5580000)
 Metaspace       used 7472K, capacity 7762K, committed 7936K, reserved 1056768K
  class space    used 917K, capacity 1013K, committed 1024K, reserved 1048576K
Event: 3.590 GC heap after
Heap after GC invocations=2 (full 0):
 PSYoungGen      total 38400K, used 3249K [0x000000076ab00000, 0x000000076d580000, 0x00000007c0000000)
  eden space 33280K, 0% used [0x000000076ab00000,0x000000076ab00000,0x000000076cb80000)
  from space 5120K, 63% used [0x000000076d080000,0x000000076d3ac5f8,0x000000076d580000)
  to   space 5120K, 0% used [0x000000076cb80000,0x000000076cb80000,0x000000076d080000)
 ParOldGen       total 87552K, used 24K [0x00000006c0000000, 0x00000006c5580000, 0x000000076ab00000)
  object space 87552K, 0% used [0x00000006c0000000,0x00000006c0006000,0x00000006c5580000)
 Metaspace       used 7472K, capacity 7762K, committed 7936K, reserved 1056768K
  class space    used 917K, capacity 1013K, committed 1024K, reserved 1048576K
}
Event: 5.216 GC heap before
{Heap before GC invocations=3 (full 0):
 PSYoungGen      total 38400K, used 36529K [0x000000076ab00000, 0x000000076d580000, 0x00000007c0000000)
  eden space 33280K, 100% used [0x000000076ab00000,0x000000076cb80000,0x000000076cb80000)
  from space 5120K, 63% used [0x000000076d080000,0x000000076d3ac5f8,0x000000076d580000)
  to   space 5120K, 0% used [0x000000076cb80000,0x000000076cb80000,0x000000076d080000)
 ParOldGen       total 87552K, used 24K [0x00000006c0000000, 0x00000006c5580000, 0x000000076ab00000)
  object space 87552K, 0% used [0x00000006c0000000,0x00000006c0006000,0x00000006c5580000)
 Metaspace       used 12168K, capacity 12576K, committed 12800K, reserved 1060864K
  class space    used 1619K, capacity 1738K, committed 1792K, reserved 1048576K
Event: 5.226 GC heap after
Heap after GC invocations=3 (full 0):
 PSYoungGen      total 38400K, used 5120K [0x000000076ab00000, 0x000000076d580000, 0x00000007c0000000)
  eden space 33280K, 0% used [0x000000076ab00000,0x000000076ab00000,0x000000076cb80000)
  from space 5120K, 100% used [0x000000076cb80000,0x000000076d080000,0x000000076d080000)
  to   space 5120K, 0% used [0x000000076d080000,0x000000076d080000,0x000000076d580000)
 ParOldGen       total 87552K, used 1160K [0x00000006c0000000, 0x00000006c5580000, 0x000000076ab00000)
  object space 87552K, 1% used [0x00000006c0000000,0x00000006c0122298,0x00000006c5580000)
 Metaspace       used 12168K, capacity 12576K, committed 12800K, reserved 1060864K
  class space    used 1619K, capacity 1738K, committed 1792K, reserved 1048576K
}
Event: 5.742 GC heap before
{Heap before GC invocations=4 (full 0):
 PSYoungGen      total 38400K, used 37965K [0x000000076ab00000, 0x000000076d580000, 0x00000007c0000000)
  eden space 33280K, 98% used [0x000000076ab00000,0x000000076cb136f0,0x000000076cb80000)
  from space 5120K, 100% used [0x000000076cb80000,0x000000076d080000,0x000000076d080000)
  to   space 5120K, 0% used [0x000000076d080000,0x000000076d080000,0x000000076d580000)
 ParOldGen       total 87552K, used 1160K [0x00000006c0000000, 0x00000006c5580000, 0x000000076ab00000)
  object space 87552K, 1% used [0x00000006c0000000,0x00000006c0122298,0x00000006c5580000)
 Metaspace       used 14730K, capacity 15226K, committed 15488K, reserved 1062912K
  class space    used 2006K, capacity 2165K, committed 2176K, reserved 1048576K
Event: 5.755 GC heap after
Heap after GC invocations=4 (full 0):
 PSYoungGen      total 38400K, used 5103K [0x000000076ab00000, 0x000000076f600000, 0x00000007c0000000)
  eden space 33280K, 0% used [0x000000076ab00000,0x000000076ab00000,0x000000076cb80000)
  from space 5120K, 99% used [0x000000076d080000,0x000000076d57bc40,0x000000076d580000)
  to   space 5120K, 0% used [0x000000076cb80000,0x000000076cb80000,0x000000076d080000)
 ParOldGen       total 87552K, used 3526K [0x00000006c0000000, 0x00000006c5580000, 0x000000076ab00000)
  object space 87552K, 4% used [0x00000006c0000000,0x00000006c0371b98,0x00000006c5580000)
 Metaspace       used 14730K, capacity 15226K, committed 15488K, reserved 1062912K
  class space    used 2006K, capacity 2165K, committed 2176K, reserved 1048576K
}

Deoptimization events (10 events):
Event: 5.278 Thread 0x00000000201c8800 Uncommon trap: reason=class_check action=maybe_recompile pc=0x00000000032c4ed8 method=java.util.HashMap.putVal(ILjava/lang/Object;Ljava/lang/Object;ZZ)Ljava/lang/Object; @ 203
Event: 5.278 Thread 0x00000000201c8800 Uncommon trap: reason=bimorphic action=maybe_recompile pc=0x00000000032c43e4 method=java.util.HashMap.putVal(ILjava/lang/Object;Ljava/lang/Object;ZZ)Ljava/lang/Object; @ 253
Event: 5.636 Thread 0x00000000201c8800 Uncommon trap: reason=class_check action=maybe_recompile pc=0x00000000032e93f4 method=java.util.regex.Matcher.match(II)Z @ 86
Event: 5.637 Thread 0x00000000201c8800 Uncommon trap: reason=class_check action=maybe_recompile pc=0x00000000032e93f4 method=java.util.regex.Matcher.match(II)Z @ 86
Event: 5.637 Thread 0x00000000201c8800 Uncommon trap: reason=class_check action=maybe_recompile pc=0x00000000032e93f4 method=java.util.regex.Matcher.match(II)Z @ 86
Event: 5.637 Thread 0x00000000201c8800 Uncommon trap: reason=class_check action=maybe_recompile pc=0x0000000003169e94 method=java.util.regex.Matcher.match(II)Z @ 86
Event: 5.806 Thread 0x00000000201c8800 Uncommon trap: reason=unstable_if action=reinterpret pc=0x00000000032e3d0c method=java.io.File.getName()Ljava/lang/String; @ 16
Event: 6.121 Thread 0x00000000201c8800 Uncommon trap: reason=unstable_if action=reinterpret pc=0x00000000032e43b0 method=java.util.LinkedHashMap.afterNodeInsertion(Z)V @ 1
Event: 6.122 Thread 0x00000000201c8800 Uncommon trap: reason=unstable_if action=reinterpret pc=0x000000000321cd90 method=java.util.HashMap.getNode(ILjava/lang/Object;)Ljava/util/HashMap$Node; @ 129
Event: 6.124 Thread 0x00000000201c8800 Uncommon trap: reason=unstable_if action=reinterpret pc=0x0000000003212a18 method=java.util.HashMap.getNode(ILjava/lang/Object;)Ljava/util/HashMap$Node; @ 129

Classes redefined (0 events):
No events

Internal exceptions (10 events):
Event: 5.160 Thread 0x000000002017c000 Exception <a 'java/lang/NoSuchMethodError': <clinit>> (0x000000076ca08940) thrown at [C:\src\AOSP-openjdk-git\hotspot\src\share\vm\prims\jni.cpp, line 1615]
Event: 5.162 Thread 0x000000002017c000 Exception <a 'java/lang/NoSuchMethodError': <clinit>> (0x000000076ca1ec98) thrown at [C:\src\AOSP-openjdk-git\hotspot\src\share\vm\prims\jni.cpp, line 1615]
Event: 5.183 Thread 0x000000002017c000 Exception <a 'java/lang/NoSuchMethodError': <clinit>> (0x000000076ca98950) thrown at [C:\src\AOSP-openjdk-git\hotspot\src\share\vm\prims\jni.cpp, line 1615]
Event: 5.190 Thread 0x000000002017c000 Exception <a 'java/lang/NoSuchMethodError': <clinit>> (0x000000076cac7f80) thrown at [C:\src\AOSP-openjdk-git\hotspot\src\share\vm\prims\jni.cpp, line 1615]
Event: 5.197 Thread 0x000000002017c000 Exception <a 'java/lang/NoSuchMethodError': <clinit>> (0x000000076caf64e8) thrown at [C:\src\AOSP-openjdk-git\hotspot\src\share\vm\prims\jni.cpp, line 1615]
Event: 5.199 Thread 0x000000002017c000 Exception <a 'java/lang/NoSuchMethodError': <clinit>> (0x000000076cb02960) thrown at [C:\src\AOSP-openjdk-git\hotspot\src\share\vm\prims\jni.cpp, line 1615]
Event: 5.855 Thread 0x00000000201c8800 Exception <a 'java/lang/NoSuchMethodError': java.lang.Object.lambda$and$0(Ljava/util/function/Predicate;Ljava/lang/Object;)Z> (0x000000076af6a450) thrown at [C:\src\AOSP-openjdk-git\hotspot\src\share\vm\interpreter\linkResolver.cpp, line 620]
Event: 5.866 Thread 0x00000000201c8800 Exception <a 'java/lang/IncompatibleClassChangeError': Found class java.lang.Object, but interface was expected> (0x000000076af7a748) thrown at [C:\src\AOSP-openjdk-git\hotspot\src\share\vm\interpreter\linkResolver.cpp, line 653]
Event: 5.870 Thread 0x00000000201c8800 Exception <a 'java/lang/NoSuchMethodError': java.lang.Object.lambda$or$2(Ljava/util/function/Predicate;Ljava/lang/Object;)Z> (0x000000076af7f298) thrown at [C:\src\AOSP-openjdk-git\hotspot\src\share\vm\interpreter\linkResolver.cpp, line 620]
Event: 6.170 Thread 0x00000000201c8800 Exception <a 'java/lang/NoSuchMethodError': java.lang.Object.lambda$static$0(Lorg/gradle/internal/state/ModelObject;)Ljava/lang/String;> (0x000000076c732a18) thrown at [C:\src\AOSP-openjdk-git\hotspot\src\share\vm\interpreter\linkResolver.cpp, line 620]

Events (10 events):
Event: 6.234 loading class org/gradle/groovy/scripts/ScriptRunner
Event: 6.234 loading class org/gradle/groovy/scripts/ScriptRunner done
Event: 6.234 loading class org/gradle/groovy/scripts/DefaultScriptCompilerFactory
Event: 6.234 loading class org/gradle/groovy/scripts/DefaultScriptCompilerFactory done
Event: 6.235 loading class org/gradle/groovy/scripts/ScriptCompiler
Event: 6.235 loading class org/gradle/groovy/scripts/ScriptCompiler done
Event: 6.235 loading class org/gradle/groovy/scripts/internal/BuildScopeInMemoryCachingScriptClassCompiler
Event: 6.235 loading class org/gradle/groovy/scripts/internal/BuildScopeInMemoryCachingScriptClassCompiler done
Event: 6.235 loading class org/gradle/internal/work/ConditionalExecutionQueue
Event: 6.235 loading class org/gradle/internal/work/ConditionalExecutionQueue done


Dynamic libraries:
0x00007ff7ad0b0000 - 0x00007ff7ad0e1000 	C:\Program Files\Android\Android Studio\jre\bin\java.exe
0x00007fff44f80000 - 0x00007fff45170000 	C:\WINDOWS\SYSTEM32\ntdll.dll
0x00007fff43830000 - 0x00007fff438e2000 	C:\WINDOWS\System32\KERNEL32.DLL
0x00007fff42850000 - 0x00007fff42af5000 	C:\WINDOWS\System32\KERNELBASE.dll
0x00007fff43160000 - 0x00007fff43203000 	C:\WINDOWS\System32\ADVAPI32.dll
0x00007fff43700000 - 0x00007fff4379e000 	C:\WINDOWS\System32\msvcrt.dll
0x00007fff430c0000 - 0x00007fff43157000 	C:\WINDOWS\System32\sechost.dll
0x00007fff43290000 - 0x00007fff433b0000 	C:\WINDOWS\System32\RPCRT4.dll
0x00007fff433b0000 - 0x00007fff43544000 	C:\WINDOWS\System32\USER32.dll
0x00007fff41ef0000 - 0x00007fff41f11000 	C:\WINDOWS\System32\win32u.dll
0x00007fff43090000 - 0x00007fff430b6000 	C:\WINDOWS\System32\GDI32.dll
0x00007fff426b0000 - 0x00007fff42846000 	C:\WINDOWS\System32\gdi32full.dll
0x00007fff42b00000 - 0x00007fff42b9e000 	C:\WINDOWS\System32\msvcp_win.dll
0x00007fff42e80000 - 0x00007fff42f7a000 	C:\WINDOWS\System32\ucrtbase.dll
0x00007fff2ea80000 - 0x00007fff2ed04000 	C:\WINDOWS\WinSxS\amd64_microsoft.windows.common-controls_6595b64144ccf1df_6.0.18362.1256_none_9e7e379be45e40e2\COMCTL32.dll
0x00007fff44340000 - 0x00007fff44676000 	C:\WINDOWS\System32\combase.dll
0x00007fff42df0000 - 0x00007fff42e71000 	C:\WINDOWS\System32\bcryptPrimitives.dll
0x00007fff44140000 - 0x00007fff4416e000 	C:\WINDOWS\System32\IMM32.DLL
0x0000000067880000 - 0x0000000067952000 	C:\Program Files\Android\Android Studio\jre\jre\bin\msvcr100.dll
0x0000000067a40000 - 0x000000006828b000 	C:\Program Files\Android\Android Studio\jre\jre\bin\server\jvm.dll
0x00007fff44170000 - 0x00007fff44178000 	C:\WINDOWS\System32\PSAPI.DLL
0x00007fff37940000 - 0x00007fff37949000 	C:\WINDOWS\SYSTEM32\WSOCK32.dll
0x00007fff44c20000 - 0x00007fff44c8f000 	C:\WINDOWS\System32\WS2_32.dll
0x00007fff3fd90000 - 0x00007fff3fdb4000 	C:\WINDOWS\SYSTEM32\WINMM.dll
0x00007fff3f9f0000 - 0x00007fff3fa1d000 	C:\WINDOWS\SYSTEM32\WINMMBASE.dll
0x00007fff42bd0000 - 0x00007fff42c1a000 	C:\WINDOWS\System32\cfgmgr32.dll
0x00007fff3cbb0000 - 0x00007fff3cbba000 	C:\WINDOWS\SYSTEM32\VERSION.dll
0x00007fff30f80000 - 0x00007fff30f8f000 	C:\Program Files\Android\Android Studio\jre\jre\bin\verify.dll
0x00007fff22d10000 - 0x00007fff22d39000 	C:\Program Files\Android\Android Studio\jre\jre\bin\java.dll
0x00007fff202d0000 - 0x00007fff202e6000 	C:\Program Files\Android\Android Studio\jre\jre\bin\zip.dll
0x00007fff438f0000 - 0x00007fff43fd7000 	C:\WINDOWS\System32\SHELL32.dll
0x00007fff44c90000 - 0x00007fff44d39000 	C:\WINDOWS\System32\shcore.dll
0x00007fff41f20000 - 0x00007fff426a1000 	C:\WINDOWS\System32\windows.storage.dll
0x00007fff41ea0000 - 0x00007fff41ec3000 	C:\WINDOWS\System32\profapi.dll
0x00007fff41e50000 - 0x00007fff41e9a000 	C:\WINDOWS\System32\powrprof.dll
0x00007fff41e20000 - 0x00007fff41e30000 	C:\WINDOWS\System32\UMPDC.dll
0x00007fff43560000 - 0x00007fff435b2000 	C:\WINDOWS\System32\shlwapi.dll
0x00007fff41ed0000 - 0x00007fff41ee1000 	C:\WINDOWS\System32\kernel.appcore.dll
0x00007fff42d70000 - 0x00007fff42d87000 	C:\WINDOWS\System32\cryptsp.dll
0x00007fff201f0000 - 0x00007fff2020a000 	C:\Program Files\Android\Android Studio\jre\jre\bin\net.dll
0x00007fff41610000 - 0x00007fff41677000 	C:\WINDOWS\system32\mswsock.dll
0x00007fff201d0000 - 0x00007fff201e3000 	C:\Program Files\Android\Android Studio\jre\jre\bin\nio.dll
0x00007fff22080000 - 0x00007fff220a7000 	C:\Users\luqma\.gradle\native\f6784746aeab05261644944871eae4fe03e0ef1612fff0a4a95f87b438bc6780\windows-amd64\native-platform.dll
0x00007fff2f2b0000 - 0x00007fff2f2bd000 	C:\Program Files\Android\Android Studio\jre\jre\bin\management.dll
0x00007fff41180000 - 0x00007fff411b3000 	C:\WINDOWS\system32\rsaenh.dll
0x00007fff42ba0000 - 0x00007fff42bc6000 	C:\WINDOWS\System32\bcrypt.dll
0x00007fff41d00000 - 0x00007fff41d25000 	C:\WINDOWS\SYSTEM32\USERENV.dll
0x00007fff417e0000 - 0x00007fff417ec000 	C:\WINDOWS\SYSTEM32\CRYPTBASE.dll
0x00007fff41320000 - 0x00007fff4135a000 	C:\WINDOWS\SYSTEM32\IPHLPAPI.DLL
0x00007fff44330000 - 0x00007fff44338000 	C:\WINDOWS\System32\NSI.dll
0x00007fff313b0000 - 0x00007fff313c6000 	C:\WINDOWS\SYSTEM32\dhcpcsvc6.DLL
0x00007fff31bf0000 - 0x00007fff31c0c000 	C:\WINDOWS\SYSTEM32\dhcpcsvc.DLL
0x00007fff41360000 - 0x00007fff4142b000 	C:\WINDOWS\SYSTEM32\DNSAPI.dll
0x00007fff35510000 - 0x00007fff3551b000 	C:\WINDOWS\SYSTEM32\WINNSI.DLL

VM Arguments:
jvm_args: -Xmx4096m -Dfile.encoding=UTF-8 -Duser.country=US -Duser.language=en -Duser.variant 
java_command: org.gradle.launcher.daemon.bootstrap.GradleDaemon 6.5
java_class_path (initial): C:\Users\luqma\.gradle\wrapper\dists\gradle-6.5-bin\6nifqtx7604sqp1q6g8wikw7p\gradle-6.5\lib\gradle-launcher-6.5.jar
Launcher Type: SUN_STANDARD

Environment Variables:
PATH=C:\Python38\Scripts\;C:\Python38\;C:\WINDOWS\system32;C:\WINDOWS;C:\WINDOWS\System32\Wbem;C:\WINDOWS\System32\WindowsPowerShell\v1.0\;C:\WINDOWS\System32\OpenSSH\;C:\xampp\php;C:\ProgramData\ComposerSetup\bin;C:\Program Files (x86)\Intel\Intel(R) Management Engine Components\DAL;C:\Program Files\Intel\Intel(R) Management Engine Components\DAL;C:\Program Files\nodejs\;C:\ProgramData\chocolatey\bin;D:\Xamp\php;C:\Program Files\Git\cmd;C:\Users\luqma\AppData\Local\Microsoft\WindowsApps;C:\Users\luqma\AppData\Roaming\Composer\vendor\bin;"C:\Users\luqma\AppData\Roaming\npm;C:\src\flutter\flutter\bin";
USERNAME=luqma
OS=Windows_NT
PROCESSOR_IDENTIFIER=Intel64 Family 6 Model 78 Stepping 3, GenuineIntel



---------------  S Y S T E M  ---------------

OS: Windows 10.0 , 64 bit Build 18362 (10.0.18362.1110)

CPU:total 4 (initial active 4) (2 cores per cpu, 2 threads per core) family 6 model 78 stepping 3, cmov, cx8, fxsr, mmx, sse, sse2, sse3, ssse3, sse4.1, sse4.2, popcnt, avx, avx2, aes, clmul, erms, rtm, 3dnowpref, lzcnt, ht, tsc, tscinvbit, bmi1, bmi2, adx

Memory: 4k page, physical 8266332k(105768k free), swap 32213844k(5120k free)

vm_info: OpenJDK 64-Bit Server VM (25.242-b01) for windows-amd64 JRE (1.8.0_242-release-1644-b01), built by "builder" with MS VC++ 10.0 (VS2010)

time: Thu Dec 31 11:58:30 2020
timezone: Pakistan Standard Time
elapsed time: 6 seconds (0d 0h 0m 6s)

