#
# There is insufficient memory for the Java Runtime Environment to continue.
# Native memory allocation (malloc) failed to allocate 32744 bytes for ChunkPool::allocate
# Possible reasons:
#   The system is out of physical RAM or swap space
#   The process is running with CompressedOops enabled, and the Java Heap may be blocking the growth of the native heap
# Possible solutions:
#   Reduce memory load on the system
#   Increase physical memory or swap space
#   Check if swap backing store is full
#   Decrease Java heap size (-Xmx/-Xms)
#   Decrease number of Java threads
#   Decrease Java thread stack sizes (-Xss)
#   Set larger code cache with -XX:ReservedCodeCacheSize=
#   JVM is running with Unscaled Compressed Oops mode in which the Java heap is
#     placed in the first 4GB address space. The Java Heap base address is the
#     maximum limit for the native heap growth. Please use -XX:HeapBaseMinAddress
#     to set the Java Heap base and to place the Java Heap above 4GB virtual address.
# This output file may be truncated or incomplete.
#
#  Out of Memory Error (allocation.cpp:272), pid=19612, tid=0x00000000000049f4
#
# JRE version: OpenJDK Runtime Environment (8.0_242-b01) (build 1.8.0_242-release-1644-b01)
# Java VM: OpenJDK 64-Bit Server VM (25.242-b01 mixed mode windows-amd64 compressed oops)
# Failed to write core dump. Minidumps are not enabled by default on client versions of Windows
#

---------------  T H R E A D  ---------------

Current thread (0x0000000017929800):  JavaThread "C2 CompilerThread1" daemon [_thread_in_native, id=18932, stack(0x0000000019080000,0x0000000019180000)]

Stack: [0x0000000019080000,0x0000000019180000]
[error occurred during error reporting (printing stack bounds), id 0xc0000005]

Native frames: (J=compiled Java code, j=interpreted, Vv=VM code, C=native code)


Current CompileTask:
C2:   6141 1581       4       java.net.URLClassLoader$1::run (5 bytes)


---------------  P R O C E S S  ---------------

Java Threads: ( => current thread )
  0x000000001a027800 JavaThread "Cache worker for file hash cache (C:\Users\luqma\.gradle\caches\6.5\fileHashes)" [_thread_blocked, id=16944, stack(0x000000001d8d0000,0x000000001d9d0000)]
  0x000000001a023800 JavaThread "File lock request listener" [_thread_in_native, id=1456, stack(0x000000001d7d0000,0x000000001d8d0000)]
  0x000000001a6cf800 JavaThread "Cache worker for journal cache (C:\Users\luqma\.gradle\caches\journal-1)" [_thread_blocked, id=19904, stack(0x000000001d6d0000,0x000000001d7d0000)]
  0x000000001b4e2000 JavaThread "Thread-9" [_thread_blocked, id=19944, stack(0x000000001d3d0000,0x000000001d4d0000)]
  0x000000001b484000 JavaThread "Stdin handler" [_thread_blocked, id=19840, stack(0x000000001cfa0000,0x000000001d0a0000)]
  0x000000001b5a1000 JavaThread "Asynchronous log dispatcher for DefaultDaemonConnection: socket connection from /127.0.0.1:51854 to /127.0.0.1:51855" [_thread_blocked, id=17228, stack(0x000000001d2d0000,0x000000001d3d0000)]
  0x000000001b51c000 JavaThread "Daemon worker" [_thread_in_native, id=19476, stack(0x000000001d1d0000,0x000000001d2d0000)]
  0x000000001b5f4800 JavaThread "Cancel handler" [_thread_blocked, id=18696, stack(0x000000001d0d0000,0x000000001d1d0000)]
  0x000000001b551800 JavaThread "Handler for socket connection from /127.0.0.1:51854 to /127.0.0.1:51855" [_thread_in_native, id=19348, stack(0x000000001cea0000,0x000000001cfa0000)]
  0x000000001b567000 JavaThread "Daemon" [_thread_blocked, id=17572, stack(0x000000001cda0000,0x000000001cea0000)]
  0x000000001b55c000 JavaThread "Daemon periodic checks" [_thread_blocked, id=9008, stack(0x000000001caa0000,0x000000001cba0000)]
  0x000000001b40a000 JavaThread "Incoming local TCP Connector on port 51854" [_thread_in_native, id=11712, stack(0x000000001c860000,0x000000001c960000)]
  0x000000001b3d8800 JavaThread "Daemon health stats" [_thread_blocked, id=7256, stack(0x000000001c220000,0x000000001c320000)]
  0x00000000192b4000 JavaThread "Service Thread" daemon [_thread_blocked, id=9220, stack(0x0000000019680000,0x0000000019780000)]
  0x0000000017939000 JavaThread "C1 CompilerThread2" daemon [_thread_blocked, id=11392, stack(0x0000000019180000,0x0000000019280000)]
=>0x0000000017929800 JavaThread "C2 CompilerThread1" daemon [_thread_in_native, id=18932, stack(0x0000000019080000,0x0000000019180000)]
  0x0000000017925000 JavaThread "C2 CompilerThread0" daemon [_thread_in_native, id=18788, stack(0x0000000018f80000,0x0000000019080000)]
  0x0000000017924000 JavaThread "Attach Listener" daemon [_thread_blocked, id=19796, stack(0x0000000018e80000,0x0000000018f80000)]
  0x0000000017920800 JavaThread "Signal Dispatcher" daemon [_thread_blocked, id=19424, stack(0x0000000018d80000,0x0000000018e80000)]
  0x0000000002cfb000 JavaThread "Finalizer" daemon [_thread_blocked, id=19920, stack(0x0000000018b80000,0x0000000018c80000)]
  0x0000000017909000 JavaThread "Reference Handler" daemon [_thread_blocked, id=17760, stack(0x0000000018a80000,0x0000000018b80000)]
  0x0000000002afe000 JavaThread "main" [_thread_blocked, id=9376, stack(0x0000000002b00000,0x0000000002c00000)]

Other Threads:
  0x00000000178e6000 VMThread [stack: 0x0000000018980000,0x0000000018a80000] [id=17232]
  0x000000001797e800 WatcherThread [stack: 0x0000000019780000,0x0000000019880000] [id=17836]

VM state:not at safepoint (normal execution)

VM Mutex/Monitor currently owned by a thread: None

heap address: 0x0000000080000000, size: 2048 MB, Compressed Oops mode: 32-bit
Narrow klass base: 0x0000000000000000, Narrow klass shift: 3
Compressed class space size: 1073741824 Address: 0x0000000100000000

Heap:
 PSYoungGen      total 38400K, used 18406K [0x00000000d5580000, 0x00000000da080000, 0x0000000100000000)
  eden space 33280K, 39% used [0x00000000d5580000,0x00000000d6279d58,0x00000000d7600000)
  from space 5120K, 99% used [0x00000000d7b00000,0x00000000d7fffc50,0x00000000d8000000)
  to   space 5120K, 0% used [0x00000000d7600000,0x00000000d7600000,0x00000000d7b00000)
 ParOldGen       total 87552K, used 3530K [0x0000000080000000, 0x0000000085580000, 0x00000000d5580000)
  object space 87552K, 4% used [0x0000000080000000,0x0000000080372bc0,0x0000000085580000)
 Metaspace       used 16602K, capacity 17234K, committed 17536K, reserved 1064960K
  class space    used 2215K, capacity 2411K, committed 2432K, reserved 1048576K

Card table byte_map: [0x00000000120c0000,0x00000000124d0000] byte_map_base: 0x0000000011cc0000

Marking Bits: (ParMarkBitMap*) 0x000000006820f030
 Begin Bits: [0x0000000012b80000, 0x0000000014b80000)
 End Bits:   [0x0000000014b80000, 0x0000000016b80000)

Polling page: 0x0000000001050000

CodeCache: size=245760Kb used=5587Kb max_used=5599Kb free=240172Kb
 bounds [0x0000000002d00000, 0x0000000003280000, 0x0000000011d00000]
 total_blobs=1988 nmethods=1588 adapters=313
 compilation: enabled

Compilation events (10 events):
Event: 6.086 Thread 0x0000000017939000 nmethod 1617 0x0000000002e0d710 code [0x0000000002e0d880, 0x0000000002e0dad8]
Event: 6.093 Thread 0x0000000017939000 1618       3       java.lang.Class::cast (27 bytes)
Event: 6.094 Thread 0x0000000017939000 nmethod 1618 0x0000000002eb28d0 code [0x0000000002eb2a60, 0x0000000002eb2dd8]
Event: 6.094 Thread 0x0000000017939000 1619       3       org.gradle.internal.service.DefaultServiceRegistry$OwnServices::getProviders (26 bytes)
Event: 6.094 Thread 0x0000000017939000 nmethod 1619 0x0000000002eb2250 code [0x0000000002eb23e0, 0x0000000002eb27a8]
Event: 6.109 Thread 0x0000000017925000 1621       4       jdk.internal.org.objectweb.asm.Type::getArgumentsAndReturnSizes (151 bytes)
Event: 6.109 Thread 0x0000000017939000 1622       3       jdk.internal.org.objectweb.asm.Frame::<init> (5 bytes)
Event: 6.109 Thread 0x0000000017939000 nmethod 1622 0x0000000002e04590 code [0x0000000002e046e0, 0x0000000002e04890]
Event: 6.116 Thread 0x0000000017925000 nmethod 1621 0x0000000002e03c90 code [0x0000000002e03de0, 0x0000000002e04178]
Event: 6.129 Thread 0x0000000017925000 1623   !   4       java.net.URLClassLoader$1::run (63 bytes)

GC Heap History (8 events):
Event: 2.255 GC heap before
{Heap before GC invocations=1 (full 0):
 PSYoungGen      total 38400K, used 33280K [0x00000000d5580000, 0x00000000d8000000, 0x0000000100000000)
  eden space 33280K, 100% used [0x00000000d5580000,0x00000000d7600000,0x00000000d7600000)
  from space 5120K, 0% used [0x00000000d7b00000,0x00000000d7b00000,0x00000000d8000000)
  to   space 5120K, 0% used [0x00000000d7600000,0x00000000d7600000,0x00000000d7b00000)
 ParOldGen       total 87552K, used 0K [0x0000000080000000, 0x0000000085580000, 0x00000000d5580000)
  object space 87552K, 0% used [0x0000000080000000,0x0000000080000000,0x0000000085580000)
 Metaspace       used 7227K, capacity 7442K, committed 7680K, reserved 1056768K
  class space    used 890K, capacity 973K, committed 1024K, reserved 1048576K
Event: 2.271 GC heap after
Heap after GC invocations=1 (full 0):
 PSYoungGen      total 38400K, used 4404K [0x00000000d5580000, 0x00000000d8000000, 0x0000000100000000)
  eden space 33280K, 0% used [0x00000000d5580000,0x00000000d5580000,0x00000000d7600000)
  from space 5120K, 86% used [0x00000000d7600000,0x00000000d7a4d398,0x00000000d7b00000)
  to   space 5120K, 0% used [0x00000000d7b00000,0x00000000d7b00000,0x00000000d8000000)
 ParOldGen       total 87552K, used 8K [0x0000000080000000, 0x0000000085580000, 0x00000000d5580000)
  object space 87552K, 0% used [0x0000000080000000,0x0000000080002000,0x0000000085580000)
 Metaspace       used 7227K, capacity 7442K, committed 7680K, reserved 1056768K
  class space    used 890K, capacity 973K, committed 1024K, reserved 1048576K
}
Event: 2.856 GC heap before
{Heap before GC invocations=2 (full 0):
 PSYoungGen      total 38400K, used 37684K [0x00000000d5580000, 0x00000000d8000000, 0x0000000100000000)
  eden space 33280K, 100% used [0x00000000d5580000,0x00000000d7600000,0x00000000d7600000)
  from space 5120K, 86% used [0x00000000d7600000,0x00000000d7a4d398,0x00000000d7b00000)
  to   space 5120K, 0% used [0x00000000d7b00000,0x00000000d7b00000,0x00000000d8000000)
 ParOldGen       total 87552K, used 8K [0x0000000080000000, 0x0000000085580000, 0x00000000d5580000)
  object space 87552K, 0% used [0x0000000080000000,0x0000000080002000,0x0000000085580000)
 Metaspace       used 7472K, capacity 7754K, committed 7936K, reserved 1056768K
  class space    used 916K, capacity 1013K, committed 1024K, reserved 1048576K
Event: 2.863 GC heap after
Heap after GC invocations=2 (full 0):
 PSYoungGen      total 38400K, used 3261K [0x00000000d5580000, 0x00000000d8000000, 0x0000000100000000)
  eden space 33280K, 0% used [0x00000000d5580000,0x00000000d5580000,0x00000000d7600000)
  from space 5120K, 63% used [0x00000000d7b00000,0x00000000d7e2f7f0,0x00000000d8000000)
  to   space 5120K, 0% used [0x00000000d7600000,0x00000000d7600000,0x00000000d7b00000)
 ParOldGen       total 87552K, used 16K [0x0000000080000000, 0x0000000085580000, 0x00000000d5580000)
  object space 87552K, 0% used [0x0000000080000000,0x0000000080004000,0x0000000085580000)
 Metaspace       used 7472K, capacity 7754K, committed 7936K, reserved 1056768K
  class space    used 916K, capacity 1013K, committed 1024K, reserved 1048576K
}
Event: 4.979 GC heap before
{Heap before GC invocations=3 (full 0):
 PSYoungGen      total 38400K, used 36541K [0x00000000d5580000, 0x00000000d8000000, 0x0000000100000000)
  eden space 33280K, 100% used [0x00000000d5580000,0x00000000d7600000,0x00000000d7600000)
  from space 5120K, 63% used [0x00000000d7b00000,0x00000000d7e2f7f0,0x00000000d8000000)
  to   space 5120K, 0% used [0x00000000d7600000,0x00000000d7600000,0x00000000d7b00000)
 ParOldGen       total 87552K, used 16K [0x0000000080000000, 0x0000000085580000, 0x00000000d5580000)
  object space 87552K, 0% used [0x0000000080000000,0x0000000080004000,0x0000000085580000)
 Metaspace       used 12187K, capacity 12568K, committed 12800K, reserved 1060864K
  class space    used 1620K, capacity 1738K, committed 1792K, reserved 1048576K
Event: 5.003 GC heap after
Heap after GC invocations=3 (full 0):
 PSYoungGen      total 38400K, used 5088K [0x00000000d5580000, 0x00000000d8000000, 0x0000000100000000)
  eden space 33280K, 0% used [0x00000000d5580000,0x00000000d5580000,0x00000000d7600000)
  from space 5120K, 99% used [0x00000000d7600000,0x00000000d7af8020,0x00000000d7b00000)
  to   space 5120K, 0% used [0x00000000d7b00000,0x00000000d7b00000,0x00000000d8000000)
 ParOldGen       total 87552K, used 1154K [0x0000000080000000, 0x0000000085580000, 0x00000000d5580000)
  object space 87552K, 1% used [0x0000000080000000,0x0000000080120978,0x0000000085580000)
 Metaspace       used 12187K, capacity 12568K, committed 12800K, reserved 1060864K
  class space    used 1620K, capacity 1738K, committed 1792K, reserved 1048576K
}
Event: 5.790 GC heap before
{Heap before GC invocations=4 (full 0):
 PSYoungGen      total 38400K, used 38119K [0x00000000d5580000, 0x00000000d8000000, 0x0000000100000000)
  eden space 33280K, 99% used [0x00000000d5580000,0x00000000d75c1ef0,0x00000000d7600000)
  from space 5120K, 99% used [0x00000000d7600000,0x00000000d7af8020,0x00000000d7b00000)
  to   space 5120K, 0% used [0x00000000d7b00000,0x00000000d7b00000,0x00000000d8000000)
 ParOldGen       total 87552K, used 1154K [0x0000000080000000, 0x0000000085580000, 0x00000000d5580000)
  object space 87552K, 1% used [0x0000000080000000,0x0000000080120978,0x0000000085580000)
 Metaspace       used 14731K, capacity 15218K, committed 15488K, reserved 1062912K
  class space    used 2009K, capacity 2165K, committed 2176K, reserved 1048576K
Event: 5.805 GC heap after
Heap after GC invocations=4 (full 0):
 PSYoungGen      total 38400K, used 5119K [0x00000000d5580000, 0x00000000da080000, 0x0000000100000000)
  eden space 33280K, 0% used [0x00000000d5580000,0x00000000d5580000,0x00000000d7600000)
  from space 5120K, 99% used [0x00000000d7b00000,0x00000000d7fffc50,0x00000000d8000000)
  to   space 5120K, 0% used [0x00000000d7600000,0x00000000d7600000,0x00000000d7b00000)
 ParOldGen       total 87552K, used 3530K [0x0000000080000000, 0x0000000085580000, 0x00000000d5580000)
  object space 87552K, 4% used [0x0000000080000000,0x0000000080372bc0,0x0000000085580000)
 Metaspace       used 14731K, capacity 15218K, committed 15488K, reserved 1062912K
  class space    used 2009K, capacity 2165K, committed 2176K, reserved 1048576K
}

Deoptimization events (10 events):
Event: 5.155 Thread 0x000000001b51c000 Uncommon trap: reason=bimorphic action=maybe_recompile pc=0x0000000002ff78a0 method=java.util.HashMap.putVal(ILjava/lang/Object;Ljava/lang/Object;ZZ)Ljava/lang/Object; @ 253
Event: 5.155 Thread 0x000000001b51c000 Uncommon trap: reason=bimorphic action=maybe_recompile pc=0x0000000002ff78a0 method=java.util.HashMap.putVal(ILjava/lang/Object;Ljava/lang/Object;ZZ)Ljava/lang/Object; @ 253
Event: 5.155 Thread 0x000000001b51c000 Uncommon trap: reason=bimorphic action=maybe_recompile pc=0x0000000002ff78a0 method=java.util.HashMap.putVal(ILjava/lang/Object;Ljava/lang/Object;ZZ)Ljava/lang/Object; @ 253
Event: 5.155 Thread 0x000000001b51c000 Uncommon trap: reason=bimorphic action=maybe_recompile pc=0x0000000002ff78a0 method=java.util.HashMap.putVal(ILjava/lang/Object;Ljava/lang/Object;ZZ)Ljava/lang/Object; @ 253
Event: 5.156 Thread 0x000000001b51c000 Uncommon trap: reason=bimorphic action=maybe_recompile pc=0x00000000030092dc method=java.util.HashMap.putVal(ILjava/lang/Object;Ljava/lang/Object;ZZ)Ljava/lang/Object; @ 253
Event: 5.632 Thread 0x000000001b51c000 Uncommon trap: reason=class_check action=maybe_recompile pc=0x00000000030324d8 method=java.util.regex.Matcher.match(II)Z @ 86
Event: 5.633 Thread 0x000000001b51c000 Uncommon trap: reason=class_check action=maybe_recompile pc=0x00000000030324d8 method=java.util.regex.Matcher.match(II)Z @ 86
Event: 5.634 Thread 0x000000001b51c000 Uncommon trap: reason=class_check action=maybe_recompile pc=0x00000000030324d8 method=java.util.regex.Matcher.match(II)Z @ 86
Event: 5.634 Thread 0x000000001b51c000 Uncommon trap: reason=class_check action=maybe_recompile pc=0x0000000002eb940c method=java.util.regex.Matcher.match(II)Z @ 86
Event: 5.888 Thread 0x000000001b51c000 Uncommon trap: reason=unstable_if action=reinterpret pc=0x000000000303091c method=java.io.File.getName()Ljava/lang/String; @ 16

Classes redefined (0 events):
No events

Internal exceptions (10 events):
Event: 4.893 Thread 0x000000001b551800 Exception <a 'java/lang/NoSuchMethodError': <clinit>> (0x00000000d7489ee0) thrown at [C:\src\AOSP-openjdk-git\hotspot\src\share\vm\prims\jni.cpp, line 1615]
Event: 4.894 Thread 0x000000001b551800 Exception <a 'java/lang/NoSuchMethodError': <clinit>> (0x00000000d7492a80) thrown at [C:\src\AOSP-openjdk-git\hotspot\src\share\vm\prims\jni.cpp, line 1615]
Event: 4.898 Thread 0x000000001b551800 Exception <a 'java/lang/NoSuchMethodError': <clinit>> (0x00000000d74a8ea0) thrown at [C:\src\AOSP-openjdk-git\hotspot\src\share\vm\prims\jni.cpp, line 1615]
Event: 4.920 Thread 0x000000001b551800 Exception <a 'java/lang/NoSuchMethodError': <clinit>> (0x00000000d7522b60) thrown at [C:\src\AOSP-openjdk-git\hotspot\src\share\vm\prims\jni.cpp, line 1615]
Event: 4.930 Thread 0x000000001b551800 Exception <a 'java/lang/NoSuchMethodError': <clinit>> (0x00000000d7552728) thrown at [C:\src\AOSP-openjdk-git\hotspot\src\share\vm\prims\jni.cpp, line 1615]
Event: 4.939 Thread 0x000000001b551800 Exception <a 'java/lang/NoSuchMethodError': <clinit>> (0x00000000d7580c90) thrown at [C:\src\AOSP-openjdk-git\hotspot\src\share\vm\prims\jni.cpp, line 1615]
Event: 4.941 Thread 0x000000001b551800 Exception <a 'java/lang/NoSuchMethodError': <clinit>> (0x00000000d758d108) thrown at [C:\src\AOSP-openjdk-git\hotspot\src\share\vm\prims\jni.cpp, line 1615]
Event: 5.964 Thread 0x000000001b51c000 Exception <a 'java/lang/NoSuchMethodError': java.lang.Object.lambda$and$0(Ljava/util/function/Predicate;Ljava/lang/Object;)Z> (0x00000000d59ea350) thrown at [C:\src\AOSP-openjdk-git\hotspot\src\share\vm\interpreter\linkResolver.cpp, line 620]
Event: 5.979 Thread 0x000000001b51c000 Exception <a 'java/lang/IncompatibleClassChangeError': Found class java.lang.Object, but interface was expected> (0x00000000d59fa648) thrown at [C:\src\AOSP-openjdk-git\hotspot\src\share\vm\interpreter\linkResolver.cpp, line 653]
Event: 5.986 Thread 0x000000001b51c000 Exception <a 'java/lang/NoSuchMethodError': java.lang.Object.lambda$or$2(Ljava/util/function/Predicate;Ljava/lang/Object;)Z> (0x00000000d59ff198) thrown at [C:\src\AOSP-openjdk-git\hotspot\src\share\vm\interpreter\linkResolver.cpp, line 620]

Events (10 events):
Event: 6.133 loading class org/gradle/internal/resource/local/FileStoreSearcher
Event: 6.133 loading class org/gradle/internal/resource/local/FileStoreSearcher done
Event: 6.134 loading class org/gradle/api/internal/filestore/ArtifactIdentifierFileStore
Event: 6.134 loading class org/gradle/api/internal/filestore/ArtifactIdentifierFileStore done
Event: 6.135 loading class org/gradle/api/internal/artifacts/verification/signatures/SignatureVerificationServiceFactory
Event: 6.135 loading class org/gradle/api/internal/artifacts/verification/signatures/SignatureVerificationServiceFactory done
Event: 6.136 loading class org/gradle/api/internal/artifacts/repositories/resolver/ExternalResourceAccessor
Event: 6.136 loading class org/gradle/api/internal/artifacts/repositories/resolver/ExternalResourceAccessor done
Event: 6.136 loading class org/gradle/internal/resource/TextUriResourceLoader
Event: 6.136 loading class org/gradle/internal/resource/TextUriResourceLoader done


Dynamic libraries:
0x00007ff7ad0b0000 - 0x00007ff7ad0e1000 	C:\Program Files\Android\Android Studio\jre\bin\java.exe
0x00007fff44f80000 - 0x00007fff45170000 	C:\WINDOWS\SYSTEM32\ntdll.dll
0x00007fff43830000 - 0x00007fff438e2000 	C:\WINDOWS\System32\KERNEL32.DLL
0x00007fff42850000 - 0x00007fff42af5000 	C:\WINDOWS\System32\KERNELBASE.dll
0x00007fff43160000 - 0x00007fff43203000 	C:\WINDOWS\System32\ADVAPI32.dll
0x00007fff43700000 - 0x00007fff4379e000 	C:\WINDOWS\System32\msvcrt.dll
0x00007fff430c0000 - 0x00007fff43157000 	C:\WINDOWS\System32\sechost.dll
0x00007fff43290000 - 0x00007fff433b0000 	C:\WINDOWS\System32\RPCRT4.dll
0x00007fff433b0000 - 0x00007fff43544000 	C:\WINDOWS\System32\USER32.dll
0x00007fff41ef0000 - 0x00007fff41f11000 	C:\WINDOWS\System32\win32u.dll
0x00007fff43090000 - 0x00007fff430b6000 	C:\WINDOWS\System32\GDI32.dll
0x00007fff426b0000 - 0x00007fff42846000 	C:\WINDOWS\System32\gdi32full.dll
0x00007fff42b00000 - 0x00007fff42b9e000 	C:\WINDOWS\System32\msvcp_win.dll
0x00007fff42e80000 - 0x00007fff42f7a000 	C:\WINDOWS\System32\ucrtbase.dll
0x00007fff2ea80000 - 0x00007fff2ed04000 	C:\WINDOWS\WinSxS\amd64_microsoft.windows.common-controls_6595b64144ccf1df_6.0.18362.1256_none_9e7e379be45e40e2\COMCTL32.dll
0x00007fff44340000 - 0x00007fff44676000 	C:\WINDOWS\System32\combase.dll
0x00007fff42df0000 - 0x00007fff42e71000 	C:\WINDOWS\System32\bcryptPrimitives.dll
0x00007fff44140000 - 0x00007fff4416e000 	C:\WINDOWS\System32\IMM32.DLL
0x0000000067880000 - 0x0000000067952000 	C:\Program Files\Android\Android Studio\jre\jre\bin\msvcr100.dll
0x0000000067a40000 - 0x000000006828b000 	C:\Program Files\Android\Android Studio\jre\jre\bin\server\jvm.dll
0x00007fff44170000 - 0x00007fff44178000 	C:\WINDOWS\System32\PSAPI.DLL
0x00007fff3fd90000 - 0x00007fff3fdb4000 	C:\WINDOWS\SYSTEM32\WINMM.dll
0x00007fff37940000 - 0x00007fff37949000 	C:\WINDOWS\SYSTEM32\WSOCK32.dll
0x00007fff44c20000 - 0x00007fff44c8f000 	C:\WINDOWS\System32\WS2_32.dll
0x00007fff3f9f0000 - 0x00007fff3fa1d000 	C:\WINDOWS\SYSTEM32\WINMMBASE.dll
0x00007fff42bd0000 - 0x00007fff42c1a000 	C:\WINDOWS\System32\cfgmgr32.dll
0x00007fff3cbb0000 - 0x00007fff3cbba000 	C:\WINDOWS\SYSTEM32\VERSION.dll
0x00007fff30f80000 - 0x00007fff30f8f000 	C:\Program Files\Android\Android Studio\jre\jre\bin\verify.dll
0x00007fff22d10000 - 0x00007fff22d39000 	C:\Program Files\Android\Android Studio\jre\jre\bin\java.dll
0x00007fff202d0000 - 0x00007fff202e6000 	C:\Program Files\Android\Android Studio\jre\jre\bin\zip.dll
0x00007fff438f0000 - 0x00007fff43fd7000 	C:\WINDOWS\System32\SHELL32.dll
0x00007fff44c90000 - 0x00007fff44d39000 	C:\WINDOWS\System32\shcore.dll
0x00007fff41f20000 - 0x00007fff426a1000 	C:\WINDOWS\System32\windows.storage.dll
0x00007fff41ea0000 - 0x00007fff41ec3000 	C:\WINDOWS\System32\profapi.dll
0x00007fff41e50000 - 0x00007fff41e9a000 	C:\WINDOWS\System32\powrprof.dll
0x00007fff41e20000 - 0x00007fff41e30000 	C:\WINDOWS\System32\UMPDC.dll
0x00007fff43560000 - 0x00007fff435b2000 	C:\WINDOWS\System32\shlwapi.dll
0x00007fff41ed0000 - 0x00007fff41ee1000 	C:\WINDOWS\System32\kernel.appcore.dll
0x00007fff42d70000 - 0x00007fff42d87000 	C:\WINDOWS\System32\cryptsp.dll
0x00007fff201f0000 - 0x00007fff2020a000 	C:\Program Files\Android\Android Studio\jre\jre\bin\net.dll
0x00007fff41610000 - 0x00007fff41677000 	C:\WINDOWS\system32\mswsock.dll
0x00007fff201d0000 - 0x00007fff201e3000 	C:\Program Files\Android\Android Studio\jre\jre\bin\nio.dll
0x00007fff22080000 - 0x00007fff220a7000 	C:\Users\luqma\.gradle\native\f6784746aeab05261644944871eae4fe03e0ef1612fff0a4a95f87b438bc6780\windows-amd64\native-platform.dll
0x00007fff2f2b0000 - 0x00007fff2f2bd000 	C:\Program Files\Android\Android Studio\jre\jre\bin\management.dll
0x00007fff41180000 - 0x00007fff411b3000 	C:\WINDOWS\system32\rsaenh.dll
0x00007fff42ba0000 - 0x00007fff42bc6000 	C:\WINDOWS\System32\bcrypt.dll
0x00007fff41d00000 - 0x00007fff41d25000 	C:\WINDOWS\SYSTEM32\USERENV.dll
0x00007fff417e0000 - 0x00007fff417ec000 	C:\WINDOWS\SYSTEM32\CRYPTBASE.dll
0x00007fff41320000 - 0x00007fff4135a000 	C:\WINDOWS\SYSTEM32\IPHLPAPI.DLL
0x00007fff44330000 - 0x00007fff44338000 	C:\WINDOWS\System32\NSI.dll
0x00007fff313b0000 - 0x00007fff313c6000 	C:\WINDOWS\SYSTEM32\dhcpcsvc6.DLL
0x00007fff31bf0000 - 0x00007fff31c0c000 	C:\WINDOWS\SYSTEM32\dhcpcsvc.DLL
0x00007fff41360000 - 0x00007fff4142b000 	C:\WINDOWS\SYSTEM32\DNSAPI.dll
0x00007fff35510000 - 0x00007fff3551b000 	C:\WINDOWS\SYSTEM32\WINNSI.DLL

VM Arguments:
jvm_args: -Xmx2048m -Dfile.encoding=UTF-8 -Duser.country=US -Duser.language=en -Duser.variant 
java_command: org.gradle.launcher.daemon.bootstrap.GradleDaemon 6.5
java_class_path (initial): C:\Users\luqma\.gradle\wrapper\dists\gradle-6.5-bin\6nifqtx7604sqp1q6g8wikw7p\gradle-6.5\lib\gradle-launcher-6.5.jar
Launcher Type: SUN_STANDARD

Environment Variables:
PATH=C:\Python38\Scripts\;C:\Python38\;C:\WINDOWS\system32;C:\WINDOWS;C:\WINDOWS\System32\Wbem;C:\WINDOWS\System32\WindowsPowerShell\v1.0\;C:\WINDOWS\System32\OpenSSH\;C:\xampp\php;C:\ProgramData\ComposerSetup\bin;C:\Program Files (x86)\Intel\Intel(R) Management Engine Components\DAL;C:\Program Files\Intel\Intel(R) Management Engine Components\DAL;C:\Program Files\nodejs\;C:\ProgramData\chocolatey\bin;D:\Xamp\php;C:\Program Files\Git\cmd;C:\Users\luqma\AppData\Local\Microsoft\WindowsApps;C:\Users\luqma\AppData\Roaming\Composer\vendor\bin;"C:\Users\luqma\AppData\Roaming\npm;C:\src\flutter\flutter\bin";
USERNAME=luqma
OS=Windows_NT
PROCESSOR_IDENTIFIER=Intel64 Family 6 Model 78 Stepping 3, GenuineIntel



---------------  S Y S T E M  ---------------

OS: Windows 10.0 , 64 bit Build 18362 (10.0.18362.1110)

CPU:total 4 (initial active 4) (2 cores per cpu, 2 threads per core) family 6 model 78 stepping 3, cmov, cx8, fxsr, mmx, sse, sse2, sse3, ssse3, sse4.1, sse4.2, popcnt, avx, avx2, aes, clmul, erms, rtm, 3dnowpref, lzcnt, ht, tsc, tscinvbit, bmi1, bmi2, adx

Memory: 4k page, physical 8266332k(277384k free), swap 32213844k(2128k free)

vm_info: OpenJDK 64-Bit Server VM (25.242-b01) for windows-amd64 JRE (1.8.0_242-release-1644-b01), built by "builder" with MS VC++ 10.0 (VS2010)

time: Thu Dec 31 12:03:21 2020
timezone: Pakistan Standard Time
elapsed time: 6 seconds (0d 0h 0m 6s)

